{"contracts/Address.sol":{"l":{"22":0,"24":0,"25":0},"path":"/home/zmg/GoalZapp/contracts/Address.sol","s":{"1":0,"2":0},"b":{},"f":{"1":0},"fnMap":{"1":{"name":"isContract","line":17,"loc":{"start":{"line":17,"column":4},"end":{"line":17,"column":67}}}},"statementMap":{"1":{"start":{"line":22,"column":8},"end":{"line":22,"column":20}},"2":{"start":{"line":25,"column":8},"end":{"line":25,"column":23}}},"branchMap":{}},"contracts/AionRole.sol":{"l":{"17":0,"18":0,"22":0,"26":0,"27":0},"path":"/home/zmg/GoalZapp/contracts/AionRole.sol","s":{"1":0,"2":0,"3":0,"4":0},"b":{"1":[0,0]},"f":{"1":0,"2":0,"3":0,"4":0},"fnMap":{"1":{"name":"constructor","line":13,"loc":{"start":{"line":13,"column":4},"end":{"line":13,"column":25}}},"2":{"name":"onlyAionRole","line":16,"loc":{"start":{"line":16,"column":4},"end":{"line":16,"column":25}}},"3":{"name":"isAionAddress","line":21,"loc":{"start":{"line":21,"column":4},"end":{"line":21,"column":68}}},"4":{"name":"_addAionAddress","line":25,"loc":{"start":{"line":25,"column":4},"end":{"line":25,"column":56}}}},"statementMap":{"1":{"start":{"line":17,"column":8},"end":{"line":17,"column":90}},"2":{"start":{"line":22,"column":8},"end":{"line":22,"column":40}},"3":{"start":{"line":26,"column":8},"end":{"line":26,"column":36}},"4":{"start":{"line":27,"column":8},"end":{"line":27,"column":42}}},"branchMap":{"1":{"line":17,"type":"if","locations":[{"start":{"line":17,"column":8},"end":{"line":17,"column":8}},{"start":{"line":17,"column":8},"end":{"line":17,"column":8}}]}}},"contracts/BancorFormula.sol":{"l":{"40":0,"43":0,"44":0,"48":0,"49":0,"52":0,"53":0,"54":0,"55":0,"56":0,"57":0,"76":0,"79":0,"80":0,"84":0,"85":0,"89":0,"90":0,"93":0,"94":0,"95":0,"96":0,"97":0,"98":0,"99":0},"path":"/home/zmg/GoalZapp/contracts/BancorFormula.sol","s":{"1":0,"2":0,"3":0,"4":0,"5":0,"6":0,"7":0,"8":0,"9":0,"10":0,"11":0,"12":0,"13":0,"14":0,"15":0,"16":0,"17":0,"18":0,"19":0,"20":0,"21":0,"22":0,"23":0,"24":0,"25":0},"b":{"1":[0,0],"2":[0,0],"3":[0,0],"4":[0,0],"5":[0,0],"6":[0,0],"7":[0,0]},"f":{"1":0,"2":0},"fnMap":{"1":{"name":"calculatePurchaseReturn","line":33,"loc":{"start":{"line":33,"column":2},"end":{"line":38,"column":3}}},"2":{"name":"calculateSaleReturn","line":74,"loc":{"start":{"line":74,"column":2},"end":{"line":74,"column":150}}}},"statementMap":{"1":{"start":{"line":40,"column":4},"end":{"line":40,"column":106}},"2":{"start":{"line":43,"column":4},"end":{"line":43,"column":1594}},"3":{"start":{"line":44,"column":6},"end":{"line":44,"column":14}},"4":{"start":{"line":48,"column":4},"end":{"line":48,"column":1689}},"5":{"start":{"line":49,"column":6},"end":{"line":49,"column":63}},"6":{"start":{"line":52,"column":4},"end":{"line":52,"column":18}},"7":{"start":{"line":53,"column":4},"end":{"line":53,"column":19}},"8":{"start":{"line":54,"column":4},"end":{"line":54,"column":57}},"9":{"start":{"line":55,"column":4},"end":{"line":55,"column":86}},"10":{"start":{"line":56,"column":4},"end":{"line":56,"column":51}},"11":{"start":{"line":57,"column":4},"end":{"line":57,"column":25}},"12":{"start":{"line":76,"column":4},"end":{"line":76,"column":132}},"13":{"start":{"line":79,"column":4},"end":{"line":79,"column":3032}},"14":{"start":{"line":80,"column":6},"end":{"line":80,"column":14}},"15":{"start":{"line":84,"column":4},"end":{"line":84,"column":3133}},"16":{"start":{"line":85,"column":6},"end":{"line":85,"column":30}},"17":{"start":{"line":89,"column":4},"end":{"line":89,"column":3247}},"18":{"start":{"line":90,"column":6},"end":{"line":90,"column":60}},"19":{"start":{"line":93,"column":4},"end":{"line":93,"column":18}},"20":{"start":{"line":94,"column":4},"end":{"line":94,"column":19}},"21":{"start":{"line":95,"column":4},"end":{"line":95,"column":41}},"22":{"start":{"line":96,"column":4},"end":{"line":96,"column":76}},"23":{"start":{"line":97,"column":4},"end":{"line":97,"column":54}},"24":{"start":{"line":98,"column":4},"end":{"line":98,"column":55}},"25":{"start":{"line":99,"column":4},"end":{"line":99,"column":49}}},"branchMap":{"1":{"line":40,"type":"if","locations":[{"start":{"line":40,"column":4},"end":{"line":40,"column":4}},{"start":{"line":40,"column":4},"end":{"line":40,"column":4}}]},"2":{"line":43,"type":"if","locations":[{"start":{"line":43,"column":4},"end":{"line":43,"column":4}},{"start":{"line":43,"column":4},"end":{"line":43,"column":4}}]},"3":{"line":48,"type":"if","locations":[{"start":{"line":48,"column":4},"end":{"line":48,"column":4}},{"start":{"line":48,"column":4},"end":{"line":48,"column":4}}]},"4":{"line":76,"type":"if","locations":[{"start":{"line":76,"column":4},"end":{"line":76,"column":4}},{"start":{"line":76,"column":4},"end":{"line":76,"column":4}}]},"5":{"line":79,"type":"if","locations":[{"start":{"line":79,"column":4},"end":{"line":79,"column":4}},{"start":{"line":79,"column":4},"end":{"line":79,"column":4}}]},"6":{"line":84,"type":"if","locations":[{"start":{"line":84,"column":4},"end":{"line":84,"column":4}},{"start":{"line":84,"column":4},"end":{"line":84,"column":4}}]},"7":{"line":89,"type":"if","locations":[{"start":{"line":89,"column":4},"end":{"line":89,"column":4}},{"start":{"line":89,"column":4},"end":{"line":89,"column":4}}]}}},"contracts/BondingCurve.sol":{"l":{"44":0,"53":0,"54":0,"55":0,"56":0,"57":0,"58":0,"59":0,"60":0,"70":0,"71":0,"72":0,"73":0,"74":0,"75":0,"76":0,"77":0,"82":0,"83":0,"84":0,"92":0,"93":0},"path":"/home/zmg/GoalZapp/contracts/BondingCurve.sol","s":{"1":0,"2":0,"3":0,"4":0,"5":0,"6":0,"7":0,"8":0,"9":0,"10":0,"11":0,"12":0,"13":0,"14":0,"15":0,"16":0,"17":0,"18":0,"19":0,"20":0,"21":0},"b":{"1":[0,0],"2":[0,0],"3":[0,0],"4":[0,0]},"f":{"1":0,"2":0,"3":0,"4":0,"5":0},"fnMap":{"1":{"name":"","line":43,"loc":{"start":{"line":43,"column":2},"end":{"line":43,"column":29}}},"2":{"name":"buy","line":52,"loc":{"start":{"line":52,"column":2},"end":{"line":52,"column":45}}},"3":{"name":"sell","line":69,"loc":{"start":{"line":69,"column":2},"end":{"line":69,"column":70}}},"4":{"name":"validGasPrice","line":81,"loc":{"start":{"line":81,"column":2},"end":{"line":81,"column":26}}},"5":{"name":"setGasPrice","line":91,"loc":{"start":{"line":91,"column":2},"end":{"line":91,"column":58}}}},"statementMap":{"1":{"start":{"line":44,"column":4},"end":{"line":44,"column":8}},"2":{"start":{"line":53,"column":4},"end":{"line":53,"column":25}},"3":{"start":{"line":54,"column":4},"end":{"line":54,"column":102}},"4":{"start":{"line":55,"column":4},"end":{"line":55,"column":48}},"5":{"start":{"line":56,"column":4},"end":{"line":56,"column":66}},"6":{"start":{"line":57,"column":4},"end":{"line":57,"column":48}},"7":{"start":{"line":58,"column":4},"end":{"line":58,"column":43}},"8":{"start":{"line":59,"column":4},"end":{"line":59,"column":41}},"9":{"start":{"line":60,"column":4},"end":{"line":60,"column":15}},"10":{"start":{"line":70,"column":4},"end":{"line":70,"column":65}},"11":{"start":{"line":71,"column":4},"end":{"line":71,"column":96}},"12":{"start":{"line":72,"column":4},"end":{"line":72,"column":33}},"13":{"start":{"line":73,"column":4},"end":{"line":73,"column":43}},"14":{"start":{"line":74,"column":4},"end":{"line":74,"column":64}},"15":{"start":{"line":75,"column":4},"end":{"line":75,"column":46}},"16":{"start":{"line":76,"column":4},"end":{"line":76,"column":43}},"17":{"start":{"line":77,"column":4},"end":{"line":77,"column":15}},"18":{"start":{"line":82,"column":4},"end":{"line":82,"column":27}},"19":{"start":{"line":83,"column":4},"end":{"line":83,"column":79}},"20":{"start":{"line":92,"column":4},"end":{"line":92,"column":25}},"21":{"start":{"line":93,"column":4},"end":{"line":93,"column":23}}},"branchMap":{"1":{"line":53,"type":"if","locations":[{"start":{"line":53,"column":4},"end":{"line":53,"column":4}},{"start":{"line":53,"column":4},"end":{"line":53,"column":4}}]},"2":{"line":70,"type":"if","locations":[{"start":{"line":70,"column":4},"end":{"line":70,"column":4}},{"start":{"line":70,"column":4},"end":{"line":70,"column":4}}]},"3":{"line":83,"type":"if","locations":[{"start":{"line":83,"column":4},"end":{"line":83,"column":4}},{"start":{"line":83,"column":4},"end":{"line":83,"column":4}}]},"4":{"line":92,"type":"if","locations":[{"start":{"line":92,"column":4},"end":{"line":92,"column":4}},{"start":{"line":92,"column":4},"end":{"line":92,"column":4}}]}}},"contracts/BondingCurveMock.sol":{"l":{"13":0,"14":0,"15":0,"16":0,"18":0,"19":0},"path":"/home/zmg/GoalZapp/contracts/BondingCurveMock.sol","s":{"1":0,"2":0,"3":0,"4":0,"5":0,"6":0},"b":{},"f":{"1":0},"fnMap":{"1":{"name":"constructor","line":7,"loc":{"start":{"line":7,"column":2},"end":{"line":11,"column":3}}}},"statementMap":{"1":{"start":{"line":13,"column":4},"end":{"line":13,"column":33}},"2":{"start":{"line":14,"column":4},"end":{"line":14,"column":32}},"3":{"start":{"line":15,"column":4},"end":{"line":15,"column":25}},"4":{"start":{"line":16,"column":4},"end":{"line":16,"column":26}},"5":{"start":{"line":18,"column":4},"end":{"line":18,"column":37}},"6":{"start":{"line":19,"column":4},"end":{"line":19,"column":55}}},"branchMap":{}},"contracts/Context.sol":{"l":{"20":0,"24":0,"25":0},"path":"/home/zmg/GoalZapp/contracts/Context.sol","s":{"1":0,"2":0},"b":{},"f":{"1":0,"2":0,"3":0},"fnMap":{"1":{"name":"constructor","line":16,"loc":{"start":{"line":16,"column":4},"end":{"line":16,"column":25}}},"2":{"name":"_msgSender","line":19,"loc":{"start":{"line":19,"column":4},"end":{"line":19,"column":63}}},"3":{"name":"_msgData","line":23,"loc":{"start":{"line":23,"column":4},"end":{"line":23,"column":58}}}},"statementMap":{"1":{"start":{"line":20,"column":8},"end":{"line":20,"column":25}},"2":{"start":{"line":25,"column":8},"end":{"line":25,"column":23}}},"branchMap":{}},"contracts/ERC20.sol":{"l":{"51":0,"58":0,"70":0,"71":0,"78":0,"89":0,"90":0,"106":0,"107":0,"108":0,"124":0,"125":0,"143":0,"144":0,"162":0,"163":0,"164":0,"165":0,"166":0,"179":0,"181":0,"182":0,"183":0,"184":0,"199":0,"201":0,"202":0,"203":0,"220":0,"221":0,"223":0,"224":0,"234":0,"235":0},"path":"/home/zmg/GoalZapp/contracts/ERC20.sol","s":{"1":0,"2":0,"3":0,"4":0,"5":0,"6":0,"7":0,"8":0,"9":0,"10":0,"11":0,"12":0,"13":0,"14":0,"15":0,"16":0,"17":0,"18":0,"19":0,"20":0,"21":0,"22":0,"23":0,"24":0,"25":0,"26":0,"27":0,"28":0,"29":0,"30":0,"31":0,"32":0,"33":0,"34":0},"b":{"1":[0,0],"2":[0,0],"3":[0,0],"4":[0,0],"5":[0,0],"6":[0,0]},"f":{"1":0,"2":0,"3":0,"4":0,"5":0,"6":0,"7":0,"8":0,"9":0,"10":0,"11":0,"12":0,"13":0},"fnMap":{"1":{"name":"totalSupply","line":50,"loc":{"start":{"line":50,"column":4},"end":{"line":50,"column":54}}},"2":{"name":"balanceOf","line":57,"loc":{"start":{"line":57,"column":4},"end":{"line":57,"column":67}}},"3":{"name":"transfer","line":69,"loc":{"start":{"line":69,"column":4},"end":{"line":69,"column":146}}},"4":{"name":"allowance","line":77,"loc":{"start":{"line":77,"column":4},"end":{"line":77,"column":82}}},"5":{"name":"approve","line":88,"loc":{"start":{"line":88,"column":4},"end":{"line":88,"column":138}}},"6":{"name":"transferFrom","line":105,"loc":{"start":{"line":105,"column":4},"end":{"line":105,"column":167}}},"7":{"name":"increaseAllowance","line":123,"loc":{"start":{"line":123,"column":4},"end":{"line":123,"column":87}}},"8":{"name":"decreaseAllowance","line":142,"loc":{"start":{"line":142,"column":4},"end":{"line":142,"column":92}}},"9":{"name":"_transfer","line":161,"loc":{"start":{"line":161,"column":4},"end":{"line":161,"column":150}}},"10":{"name":"_mint","line":178,"loc":{"start":{"line":178,"column":4},"end":{"line":178,"column":58}}},"11":{"name":"_burn","line":198,"loc":{"start":{"line":198,"column":4},"end":{"line":198,"column":57}}},"12":{"name":"_approve","line":219,"loc":{"start":{"line":219,"column":4},"end":{"line":219,"column":142}}},"13":{"name":"_burnFrom","line":233,"loc":{"start":{"line":233,"column":4},"end":{"line":233,"column":62}}}},"statementMap":{"1":{"start":{"line":51,"column":8},"end":{"line":51,"column":27}},"2":{"start":{"line":58,"column":8},"end":{"line":58,"column":33}},"3":{"start":{"line":70,"column":8},"end":{"line":70,"column":47}},"4":{"start":{"line":71,"column":8},"end":{"line":71,"column":19}},"5":{"start":{"line":78,"column":8},"end":{"line":78,"column":42}},"6":{"start":{"line":89,"column":8},"end":{"line":89,"column":43}},"7":{"start":{"line":90,"column":8},"end":{"line":90,"column":19}},"8":{"start":{"line":106,"column":8},"end":{"line":106,"column":43}},"9":{"start":{"line":107,"column":8},"end":{"line":107,"column":80}},"10":{"start":{"line":108,"column":8},"end":{"line":108,"column":19}},"11":{"start":{"line":124,"column":8},"end":{"line":124,"column":86}},"12":{"start":{"line":125,"column":8},"end":{"line":125,"column":19}},"13":{"start":{"line":143,"column":8},"end":{"line":143,"column":91}},"14":{"start":{"line":144,"column":8},"end":{"line":144,"column":19}},"15":{"start":{"line":162,"column":8},"end":{"line":162,"column":77}},"16":{"start":{"line":163,"column":8},"end":{"line":163,"column":78}},"17":{"start":{"line":164,"column":8},"end":{"line":164,"column":56}},"18":{"start":{"line":165,"column":8},"end":{"line":165,"column":62}},"19":{"start":{"line":166,"column":8},"end":{"line":166,"column":48}},"20":{"start":{"line":179,"column":8},"end":{"line":179,"column":72}},"21":{"start":{"line":181,"column":8},"end":{"line":181,"column":46}},"22":{"start":{"line":182,"column":8},"end":{"line":182,"column":58}},"23":{"start":{"line":183,"column":8},"end":{"line":183,"column":43}},"24":{"start":{"line":184,"column":8},"end":{"line":184,"column":50}},"25":{"start":{"line":199,"column":8},"end":{"line":199,"column":74}},"26":{"start":{"line":201,"column":8},"end":{"line":201,"column":45}},"27":{"start":{"line":202,"column":8},"end":{"line":202,"column":57}},"28":{"start":{"line":203,"column":8},"end":{"line":203,"column":49}},"29":{"start":{"line":220,"column":8},"end":{"line":220,"column":75}},"30":{"start":{"line":221,"column":8},"end":{"line":221,"column":75}},"31":{"start":{"line":223,"column":8},"end":{"line":223,"column":42}},"32":{"start":{"line":224,"column":8},"end":{"line":224,"column":44}},"33":{"start":{"line":234,"column":8},"end":{"line":234,"column":29}},"34":{"start":{"line":235,"column":8},"end":{"line":235,"column":82}}},"branchMap":{"1":{"line":162,"type":"if","locations":[{"start":{"line":162,"column":8},"end":{"line":162,"column":8}},{"start":{"line":162,"column":8},"end":{"line":162,"column":8}}]},"2":{"line":163,"type":"if","locations":[{"start":{"line":163,"column":8},"end":{"line":163,"column":8}},{"start":{"line":163,"column":8},"end":{"line":163,"column":8}}]},"3":{"line":179,"type":"if","locations":[{"start":{"line":179,"column":8},"end":{"line":179,"column":8}},{"start":{"line":179,"column":8},"end":{"line":179,"column":8}}]},"4":{"line":199,"type":"if","locations":[{"start":{"line":199,"column":8},"end":{"line":199,"column":8}},{"start":{"line":199,"column":8},"end":{"line":199,"column":8}}]},"5":{"line":220,"type":"if","locations":[{"start":{"line":220,"column":8},"end":{"line":220,"column":8}},{"start":{"line":220,"column":8},"end":{"line":220,"column":8}}]},"6":{"line":221,"type":"if","locations":[{"start":{"line":221,"column":8},"end":{"line":221,"column":8}},{"start":{"line":221,"column":8},"end":{"line":221,"column":8}}]}}},"contracts/ERC20Detailed.sol":{"l":{"19":0,"20":0,"21":0,"28":0,"36":0,"52":0},"path":"/home/zmg/GoalZapp/contracts/ERC20Detailed.sol","s":{"1":0,"2":0,"3":0,"4":0,"5":0,"6":0},"b":{},"f":{"1":0,"2":0,"3":0,"4":0},"fnMap":{"1":{"name":"constructor","line":18,"loc":{"start":{"line":18,"column":4},"end":{"line":18,"column":79}}},"2":{"name":"name","line":27,"loc":{"start":{"line":27,"column":4},"end":{"line":27,"column":53}}},"3":{"name":"symbol","line":35,"loc":{"start":{"line":35,"column":4},"end":{"line":35,"column":55}}},"4":{"name":"decimals","line":51,"loc":{"start":{"line":51,"column":4},"end":{"line":51,"column":49}}}},"statementMap":{"1":{"start":{"line":19,"column":8},"end":{"line":19,"column":19}},"2":{"start":{"line":20,"column":8},"end":{"line":20,"column":23}},"3":{"start":{"line":21,"column":8},"end":{"line":21,"column":27}},"4":{"start":{"line":28,"column":8},"end":{"line":28,"column":20}},"5":{"start":{"line":36,"column":8},"end":{"line":36,"column":22}},"6":{"start":{"line":52,"column":8},"end":{"line":52,"column":24}}},"branchMap":{}},"contracts/ERC20Mock.sol":{"l":{"9":0,"13":0,"17":0,"21":0,"25":0,"29":0},"path":"/home/zmg/GoalZapp/contracts/ERC20Mock.sol","s":{"1":0,"2":0,"3":0,"4":0,"5":0,"6":0},"b":{},"f":{"1":0,"2":0,"3":0,"4":0,"5":0,"6":0},"fnMap":{"1":{"name":"constructor","line":8,"loc":{"start":{"line":8,"column":4},"end":{"line":8,"column":69}}},"2":{"name":"mint","line":12,"loc":{"start":{"line":12,"column":4},"end":{"line":12,"column":55}}},"3":{"name":"burn","line":16,"loc":{"start":{"line":16,"column":4},"end":{"line":16,"column":55}}},"4":{"name":"burnFrom","line":20,"loc":{"start":{"line":20,"column":4},"end":{"line":20,"column":59}}},"5":{"name":"transferInternal","line":24,"loc":{"start":{"line":24,"column":4},"end":{"line":24,"column":75}}},"6":{"name":"approveInternal","line":28,"loc":{"start":{"line":28,"column":4},"end":{"line":28,"column":80}}}},"statementMap":{"1":{"start":{"line":9,"column":8},"end":{"line":9,"column":44}},"2":{"start":{"line":13,"column":8},"end":{"line":13,"column":29}},"3":{"start":{"line":17,"column":8},"end":{"line":17,"column":29}},"4":{"start":{"line":21,"column":8},"end":{"line":21,"column":33}},"5":{"start":{"line":25,"column":8},"end":{"line":25,"column":33}},"6":{"start":{"line":29,"column":8},"end":{"line":29,"column":38}}},"branchMap":{}},"contracts/EscrowRole.sol":{"l":{"14":0,"15":0,"19":0,"20":0,"24":0,"28":0,"29":0,"30":0},"path":"/home/zmg/GoalZapp/contracts/EscrowRole.sol","s":{"1":0,"2":0,"3":0,"4":0,"5":0,"6":0},"b":{"1":[0,0],"2":[0,0]},"f":{"1":0,"2":0,"3":0,"4":0},"fnMap":{"1":{"name":"onlyEscrowRole","line":13,"loc":{"start":{"line":13,"column":4},"end":{"line":13,"column":27}}},"2":{"name":"notSet","line":18,"loc":{"start":{"line":18,"column":4},"end":{"line":18,"column":34}}},"3":{"name":"isEscrow","line":23,"loc":{"start":{"line":23,"column":4},"end":{"line":23,"column":63}}},"4":{"name":"_addEscrowRole","line":27,"loc":{"start":{"line":27,"column":4},"end":{"line":27,"column":67}}}},"statementMap":{"1":{"start":{"line":14,"column":8},"end":{"line":14,"column":89}},"2":{"start":{"line":19,"column":6},"end":{"line":19,"column":59}},"3":{"start":{"line":24,"column":8},"end":{"line":24,"column":35}},"4":{"start":{"line":28,"column":8},"end":{"line":28,"column":27}},"5":{"start":{"line":29,"column":8},"end":{"line":29,"column":37}},"6":{"start":{"line":30,"column":8},"end":{"line":30,"column":19}}},"branchMap":{"1":{"line":14,"type":"if","locations":[{"start":{"line":14,"column":8},"end":{"line":14,"column":8}},{"start":{"line":14,"column":8},"end":{"line":14,"column":8}}]},"2":{"line":19,"type":"if","locations":[{"start":{"line":19,"column":6},"end":{"line":19,"column":6}},{"start":{"line":19,"column":6},"end":{"line":19,"column":6}}]}}},"contracts/GoalEscrow.sol":{"l":{"60":0,"61":0,"62":0,"63":0,"64":0,"65":0,"66":0,"67":0,"68":0,"69":0,"70":0,"74":0,"75":0,"76":0,"78":0,"79":0,"80":0,"84":0,"85":0,"86":0,"88":0,"89":0,"90":0,"91":0,"93":0,"97":0,"98":0,"99":0,"100":0,"108":0,"110":0,"111":0,"112":0,"114":0,"115":0,"116":0,"117":0,"118":0,"122":0,"123":0,"124":0,"125":0,"126":0,"127":0,"131":0,"135":0,"136":0,"137":0,"138":0,"143":0,"144":0,"145":0,"146":0,"147":0,"149":0,"150":0,"151":0,"153":0,"154":0,"156":0,"158":0,"160":0,"162":0,"163":0,"164":0,"165":0,"166":0,"171":0,"175":0,"179":0,"184":0,"185":0,"186":0,"188":0,"189":0,"193":0,"194":0,"196":0,"197":0,"198":0,"199":0,"201":0,"202":0,"203":0,"204":0,"206":0,"208":0,"209":0,"211":0,"213":0,"214":0,"215":0,"216":0,"217":0,"218":0,"220":0,"222":0,"224":0,"230":0,"231":0,"232":0,"233":0,"234":0,"235":0,"236":0,"238":0,"240":0,"242":0,"244":0,"245":0,"246":0,"247":0,"248":0,"249":0,"251":0,"253":0,"255":0},"path":"/home/zmg/GoalZapp/contracts/GoalEscrow.sol","s":{"1":0,"2":0,"3":0,"4":0,"5":0,"6":0,"7":0,"8":0,"9":0,"10":0,"11":0,"12":0,"13":0,"14":0,"15":0,"16":0,"17":0,"18":0,"19":0,"20":0,"21":0,"22":0,"23":0,"24":0,"25":0,"26":0,"27":0,"28":0,"29":0,"30":0,"31":0,"32":0,"33":0,"34":0,"35":0,"36":0,"37":0,"38":0,"39":0,"40":0,"41":0,"42":0,"43":0,"44":0,"45":0,"46":0,"47":0,"48":0,"49":0,"50":0,"51":0,"52":0,"53":0,"54":0,"55":0,"56":0,"57":0,"58":0,"59":0,"60":0,"61":0,"62":0,"63":0,"64":0,"65":0,"66":0,"67":0,"68":0,"69":0,"70":0,"71":0,"72":0,"73":0,"74":0,"75":0,"76":0,"77":0,"78":0,"79":0,"80":0,"81":0,"82":0,"83":0,"84":0,"85":0,"86":0,"87":0,"88":0,"89":0,"90":0,"91":0,"92":0,"93":0,"94":0,"95":0,"96":0,"97":0,"98":0,"99":0,"100":0,"101":0,"102":0,"103":0,"104":0,"105":0,"106":0,"107":0,"108":0,"109":0,"110":0,"111":0,"112":0,"113":0,"114":0,"115":0,"116":0,"117":0},"b":{"1":[0,0],"2":[0,0],"3":[0,0],"4":[0,0],"5":[0,0],"6":[0,0],"7":[0,0],"8":[0,0],"9":[0,0],"10":[0,0],"11":[0,0],"12":[0,0],"13":[0,0],"14":[0,0],"15":[0,0],"16":[0,0],"17":[0,0]},"f":{"1":0,"2":0,"3":0,"4":0,"5":0,"6":0,"7":0,"8":0,"9":0,"10":0,"11":0,"12":0,"13":0,"14":0,"15":0},"fnMap":{"1":{"name":"initMaster","line":59,"loc":{"start":{"line":59,"column":2},"end":{"line":59,"column":71}}},"2":{"name":"newGoalInit","line":73,"loc":{"start":{"line":73,"column":2},"end":{"line":73,"column":72}}},"3":{"name":"newGoalInitAndFund","line":83,"loc":{"start":{"line":83,"column":2},"end":{"line":83,"column":117}}},"4":{"name":"fundEscrow","line":96,"loc":{"start":{"line":96,"column":2},"end":{"line":96,"column":81}}},"5":{"name":"depositOnSuggest","line":106,"loc":{"start":{"line":106,"column":2},"end":{"line":106,"column":74}}},"6":{"name":"setSuggestionTimeOut","line":121,"loc":{"start":{"line":121,"column":2},"end":{"line":121,"column":52}}},"7":{"name":"checkForTimedOutSuggestions","line":130,"loc":{"start":{"line":130,"column":2},"end":{"line":130,"column":61}}},"8":{"name":"schedule_returnBondsOnTimeOut","line":134,"loc":{"start":{"line":134,"column":2},"end":{"line":134,"column":80}}},"9":{"name":"returnBondsOnTimeOut","line":142,"loc":{"start":{"line":142,"column":2},"end":{"line":142,"column":51}}},"10":{"name":"getSuggestionDuration","line":170,"loc":{"start":{"line":170,"column":2},"end":{"line":170,"column":63}}},"11":{"name":"suggestionExpires","line":174,"loc":{"start":{"line":174,"column":2},"end":{"line":174,"column":71}}},"12":{"name":"suggesterBond","line":178,"loc":{"start":{"line":178,"column":2},"end":{"line":178,"column":68}}},"13":{"name":"schedule_removeTokenTimeProtection","line":182,"loc":{"start":{"line":182,"column":2},"end":{"line":183,"column":12}}},"14":{"name":"disburseOnAccept","line":192,"loc":{"start":{"line":192,"column":2},"end":{"line":192,"column":76}}},"15":{"name":"returnBondsOnReject","line":228,"loc":{"start":{"line":228,"column":2},"end":{"line":228,"column":79}}}},"statementMap":{"1":{"start":{"line":60,"column":4},"end":{"line":60,"column":99}},"2":{"start":{"line":61,"column":4},"end":{"line":61,"column":73}},"3":{"start":{"line":62,"column":4},"end":{"line":62,"column":81}},"4":{"start":{"line":63,"column":4},"end":{"line":63,"column":17}},"5":{"start":{"line":64,"column":4},"end":{"line":64,"column":25}},"6":{"start":{"line":65,"column":4},"end":{"line":65,"column":28}},"7":{"start":{"line":66,"column":4},"end":{"line":66,"column":43}},"8":{"start":{"line":67,"column":4},"end":{"line":67,"column":39}},"9":{"start":{"line":68,"column":4},"end":{"line":68,"column":62}},"10":{"start":{"line":69,"column":4},"end":{"line":69,"column":23}},"11":{"start":{"line":70,"column":4},"end":{"line":70,"column":28}},"12":{"start":{"line":74,"column":4},"end":{"line":74,"column":88}},"13":{"start":{"line":75,"column":4},"end":{"line":75,"column":2464}},"14":{"start":{"line":76,"column":6},"end":{"line":76,"column":44}},"15":{"start":{"line":78,"column":4},"end":{"line":78,"column":28}},"16":{"start":{"line":79,"column":4},"end":{"line":79,"column":25}},"17":{"start":{"line":80,"column":3},"end":{"line":80,"column":28}},"18":{"start":{"line":84,"column":4},"end":{"line":84,"column":88}},"19":{"start":{"line":85,"column":4},"end":{"line":85,"column":2857}},"20":{"start":{"line":86,"column":6},"end":{"line":86,"column":44}},"21":{"start":{"line":88,"column":4},"end":{"line":88,"column":28}},"22":{"start":{"line":89,"column":4},"end":{"line":89,"column":25}},"23":{"start":{"line":90,"column":4},"end":{"line":90,"column":3000}},"24":{"start":{"line":91,"column":6},"end":{"line":91,"column":43}},"25":{"start":{"line":93,"column":3},"end":{"line":93,"column":28}},"26":{"start":{"line":97,"column":3},"end":{"line":97,"column":40}},"27":{"start":{"line":98,"column":3},"end":{"line":98,"column":51}},"28":{"start":{"line":99,"column":3},"end":{"line":99,"column":46}},"29":{"start":{"line":100,"column":3},"end":{"line":100,"column":53}},"30":{"start":{"line":108,"column":4},"end":{"line":108,"column":45}},"31":{"start":{"line":110,"column":4},"end":{"line":110,"column":85}},"32":{"start":{"line":111,"column":4},"end":{"line":111,"column":57}},"33":{"start":{"line":112,"column":4},"end":{"line":112,"column":42}},"34":{"start":{"line":114,"column":4},"end":{"line":114,"column":77}},"35":{"start":{"line":115,"column":4},"end":{"line":115,"column":45}},"36":{"start":{"line":116,"column":4},"end":{"line":116,"column":85}},"37":{"start":{"line":117,"column":4},"end":{"line":117,"column":71}},"38":{"start":{"line":118,"column":4},"end":{"line":118,"column":28}},"39":{"start":{"line":122,"column":4},"end":{"line":122,"column":37}},"40":{"start":{"line":123,"column":4},"end":{"line":123,"column":46}},"41":{"start":{"line":124,"column":4},"end":{"line":124,"column":25}},"42":{"start":{"line":125,"column":4},"end":{"line":125,"column":74}},"43":{"start":{"line":126,"column":4},"end":{"line":126,"column":65}},"44":{"start":{"line":127,"column":4},"end":{"line":127,"column":70}},"45":{"start":{"line":131,"column":4},"end":{"line":131,"column":28}},"46":{"start":{"line":135,"column":4},"end":{"line":135,"column":58}},"47":{"start":{"line":136,"column":4},"end":{"line":136,"column":103}},"48":{"start":{"line":137,"column":4},"end":{"line":137,"column":50}},"49":{"start":{"line":138,"column":4},"end":{"line":138,"column":36}},"50":{"start":{"line":143,"column":4},"end":{"line":143,"column":34}},"51":{"start":{"line":144,"column":4},"end":{"line":144,"column":65}},"52":{"start":{"line":145,"column":4},"end":{"line":145,"column":115}},"53":{"start":{"line":146,"column":4},"end":{"line":146,"column":73}},"54":{"start":{"line":147,"column":4},"end":{"line":147,"column":148}},"55":{"start":{"line":149,"column":4},"end":{"line":149,"column":62}},"56":{"start":{"line":150,"column":4},"end":{"line":150,"column":53}},"57":{"start":{"line":151,"column":4},"end":{"line":151,"column":40}},"58":{"start":{"line":153,"column":4},"end":{"line":153,"column":55}},"59":{"start":{"line":154,"column":4},"end":{"line":154,"column":56}},"60":{"start":{"line":156,"column":4},"end":{"line":156,"column":65}},"61":{"start":{"line":158,"column":4},"end":{"line":158,"column":61}},"62":{"start":{"line":160,"column":4},"end":{"line":160,"column":72}},"63":{"start":{"line":162,"column":4},"end":{"line":162,"column":65}},"64":{"start":{"line":163,"column":4},"end":{"line":163,"column":122}},"65":{"start":{"line":164,"column":4},"end":{"line":164,"column":36}},"66":{"start":{"line":165,"column":4},"end":{"line":165,"column":51}},"67":{"start":{"line":166,"column":4},"end":{"line":166,"column":51}},"68":{"start":{"line":171,"column":6},"end":{"line":171,"column":31}},"69":{"start":{"line":175,"column":4},"end":{"line":175,"column":70}},"70":{"start":{"line":179,"column":4},"end":{"line":179,"column":44}},"71":{"start":{"line":184,"column":3},"end":{"line":184,"column":57}},"72":{"start":{"line":185,"column":3},"end":{"line":185,"column":67}},"73":{"start":{"line":186,"column":3},"end":{"line":186,"column":7454}},"74":{"start":{"line":188,"column":3},"end":{"line":188,"column":52}},"75":{"start":{"line":189,"column":3},"end":{"line":189,"column":35}},"76":{"start":{"line":193,"column":4},"end":{"line":193,"column":73}},"77":{"start":{"line":194,"column":4},"end":{"line":194,"column":130}},"78":{"start":{"line":196,"column":4},"end":{"line":196,"column":53}},"79":{"start":{"line":197,"column":4},"end":{"line":197,"column":40}},"80":{"start":{"line":198,"column":4},"end":{"line":198,"column":55}},"81":{"start":{"line":199,"column":4},"end":{"line":199,"column":56}},"82":{"start":{"line":201,"column":4},"end":{"line":201,"column":127}},"83":{"start":{"line":202,"column":4},"end":{"line":202,"column":46}},"84":{"start":{"line":203,"column":4},"end":{"line":203,"column":42}},"85":{"start":{"line":204,"column":4},"end":{"line":204,"column":43}},"86":{"start":{"line":206,"column":4},"end":{"line":206,"column":68}},"87":{"start":{"line":208,"column":4},"end":{"line":208,"column":80}},"88":{"start":{"line":209,"column":4},"end":{"line":209,"column":61}},"89":{"start":{"line":211,"column":4},"end":{"line":211,"column":72}},"90":{"start":{"line":213,"column":4},"end":{"line":213,"column":65}},"91":{"start":{"line":214,"column":4},"end":{"line":214,"column":122}},"92":{"start":{"line":215,"column":4},"end":{"line":215,"column":54}},"93":{"start":{"line":216,"column":4},"end":{"line":216,"column":36}},"94":{"start":{"line":217,"column":4},"end":{"line":217,"column":51}},"95":{"start":{"line":218,"column":4},"end":{"line":218,"column":52}},"96":{"start":{"line":220,"column":5},"end":{"line":220,"column":83}},"97":{"start":{"line":222,"column":4},"end":{"line":222,"column":57}},"98":{"start":{"line":224,"column":4},"end":{"line":224,"column":69}},"99":{"start":{"line":230,"column":4},"end":{"line":230,"column":73}},"100":{"start":{"line":231,"column":4},"end":{"line":231,"column":129}},"101":{"start":{"line":232,"column":4},"end":{"line":232,"column":62}},"102":{"start":{"line":233,"column":4},"end":{"line":233,"column":53}},"103":{"start":{"line":234,"column":4},"end":{"line":234,"column":40}},"104":{"start":{"line":235,"column":4},"end":{"line":235,"column":55}},"105":{"start":{"line":236,"column":4},"end":{"line":236,"column":56}},"106":{"start":{"line":238,"column":4},"end":{"line":238,"column":68}},"107":{"start":{"line":240,"column":4},"end":{"line":240,"column":61}},"108":{"start":{"line":242,"column":4},"end":{"line":242,"column":72}},"109":{"start":{"line":244,"column":4},"end":{"line":244,"column":65}},"110":{"start":{"line":245,"column":4},"end":{"line":245,"column":121}},"111":{"start":{"line":246,"column":4},"end":{"line":246,"column":54}},"112":{"start":{"line":247,"column":4},"end":{"line":247,"column":36}},"113":{"start":{"line":248,"column":4},"end":{"line":248,"column":51}},"114":{"start":{"line":249,"column":4},"end":{"line":249,"column":53}},"115":{"start":{"line":251,"column":4},"end":{"line":251,"column":64}},"116":{"start":{"line":253,"column":4},"end":{"line":253,"column":58}},"117":{"start":{"line":255,"column":4},"end":{"line":255,"column":69}}},"branchMap":{"1":{"line":60,"type":"if","locations":[{"start":{"line":60,"column":4},"end":{"line":60,"column":4}},{"start":{"line":60,"column":4},"end":{"line":60,"column":4}}]},"2":{"line":61,"type":"if","locations":[{"start":{"line":61,"column":4},"end":{"line":61,"column":4}},{"start":{"line":61,"column":4},"end":{"line":61,"column":4}}]},"3":{"line":62,"type":"if","locations":[{"start":{"line":62,"column":4},"end":{"line":62,"column":4}},{"start":{"line":62,"column":4},"end":{"line":62,"column":4}}]},"4":{"line":74,"type":"if","locations":[{"start":{"line":74,"column":4},"end":{"line":74,"column":4}},{"start":{"line":74,"column":4},"end":{"line":74,"column":4}}]},"5":{"line":75,"type":"if","locations":[{"start":{"line":75,"column":4},"end":{"line":75,"column":4}},{"start":{"line":75,"column":4},"end":{"line":75,"column":4}}]},"6":{"line":84,"type":"if","locations":[{"start":{"line":84,"column":4},"end":{"line":84,"column":4}},{"start":{"line":84,"column":4},"end":{"line":84,"column":4}}]},"7":{"line":85,"type":"if","locations":[{"start":{"line":85,"column":4},"end":{"line":85,"column":4}},{"start":{"line":85,"column":4},"end":{"line":85,"column":4}}]},"8":{"line":90,"type":"if","locations":[{"start":{"line":90,"column":4},"end":{"line":90,"column":4}},{"start":{"line":90,"column":4},"end":{"line":90,"column":4}}]},"9":{"line":114,"type":"if","locations":[{"start":{"line":114,"column":4},"end":{"line":114,"column":4}},{"start":{"line":114,"column":4},"end":{"line":114,"column":4}}]},"10":{"line":145,"type":"if","locations":[{"start":{"line":145,"column":4},"end":{"line":145,"column":4}},{"start":{"line":145,"column":4},"end":{"line":145,"column":4}}]},"11":{"line":147,"type":"if","locations":[{"start":{"line":147,"column":4},"end":{"line":147,"column":4}},{"start":{"line":147,"column":4},"end":{"line":147,"column":4}}]},"12":{"line":163,"type":"if","locations":[{"start":{"line":163,"column":4},"end":{"line":163,"column":4}},{"start":{"line":163,"column":4},"end":{"line":163,"column":4}}]},"13":{"line":194,"type":"if","locations":[{"start":{"line":194,"column":4},"end":{"line":194,"column":4}},{"start":{"line":194,"column":4},"end":{"line":194,"column":4}}]},"14":{"line":201,"type":"if","locations":[{"start":{"line":201,"column":4},"end":{"line":201,"column":4}},{"start":{"line":201,"column":4},"end":{"line":201,"column":4}}]},"15":{"line":214,"type":"if","locations":[{"start":{"line":214,"column":4},"end":{"line":214,"column":4}},{"start":{"line":214,"column":4},"end":{"line":214,"column":4}}]},"16":{"line":231,"type":"if","locations":[{"start":{"line":231,"column":4},"end":{"line":231,"column":4}},{"start":{"line":231,"column":4},"end":{"line":231,"column":4}}]},"17":{"line":245,"type":"if","locations":[{"start":{"line":245,"column":4},"end":{"line":245,"column":4}},{"start":{"line":245,"column":4},"end":{"line":245,"column":4}}]}}},"contracts/GoalEscrowTestVersion.sol":{"l":{"60":0,"61":0,"62":0,"63":0,"64":0,"65":0,"66":0,"67":0,"68":0,"69":0,"73":0,"74":0,"75":0,"77":0,"78":0,"79":0,"83":0,"84":0,"85":0,"87":0,"88":0,"89":0,"90":0,"92":0,"96":0,"97":0,"98":0,"99":0,"106":0,"107":0,"109":0,"111":0,"112":0,"113":0,"115":0,"116":0,"117":0,"118":0,"119":0,"123":0,"124":0,"125":0,"126":0,"127":0,"128":0,"132":0,"136":0,"137":0,"138":0,"139":0,"144":0,"145":0,"146":0,"147":0,"148":0,"150":0,"151":0,"152":0,"154":0,"155":0,"157":0,"159":0,"161":0,"163":0,"164":0,"165":0,"166":0,"167":0,"172":0,"176":0,"180":0,"185":0,"186":0,"187":0,"189":0,"190":0,"194":0,"195":0,"200":0,"201":0,"203":0,"204":0,"205":0,"206":0,"208":0,"209":0,"210":0,"211":0,"213":0,"215":0,"216":0,"218":0,"220":0,"221":0,"222":0,"223":0,"224":0,"225":0,"227":0,"229":0,"231":0,"237":0,"238":0,"239":0,"240":0,"241":0,"242":0,"243":0,"245":0,"247":0,"249":0,"251":0,"252":0,"253":0,"254":0,"255":0,"256":0,"258":0,"260":0,"262":0},"path":"/home/zmg/GoalZapp/contracts/GoalEscrowTestVersion.sol","s":{"1":0,"2":0,"3":0,"4":0,"5":0,"6":0,"7":0,"8":0,"9":0,"10":0,"11":0,"12":0,"13":0,"14":0,"15":0,"16":0,"17":0,"18":0,"19":0,"20":0,"21":0,"22":0,"23":0,"24":0,"25":0,"26":0,"27":0,"28":0,"29":0,"30":0,"31":0,"32":0,"33":0,"34":0,"35":0,"36":0,"37":0,"38":0,"39":0,"40":0,"41":0,"42":0,"43":0,"44":0,"45":0,"46":0,"47":0,"48":0,"49":0,"50":0,"51":0,"52":0,"53":0,"54":0,"55":0,"56":0,"57":0,"58":0,"59":0,"60":0,"61":0,"62":0,"63":0,"64":0,"65":0,"66":0,"67":0,"68":0,"69":0,"70":0,"71":0,"72":0,"73":0,"74":0,"75":0,"76":0,"77":0,"78":0,"79":0,"80":0,"81":0,"82":0,"83":0,"84":0,"85":0,"86":0,"87":0,"88":0,"89":0,"90":0,"91":0,"92":0,"93":0,"94":0,"95":0,"96":0,"97":0,"98":0,"99":0,"100":0,"101":0,"102":0,"103":0,"104":0,"105":0,"106":0,"107":0,"108":0,"109":0,"110":0,"111":0,"112":0,"113":0,"114":0,"115":0,"116":0,"117":0,"118":0,"119":0,"120":0},"b":{"1":[0,0],"2":[0,0],"3":[0,0],"4":[0,0],"5":[0,0],"6":[0,0],"7":[0,0],"8":[0,0],"9":[0,0],"10":[0,0],"11":[0,0],"12":[0,0],"13":[0,0],"14":[0,0],"15":[0,0],"16":[0,0],"17":[0,0],"18":[0,0],"19":[0,0]},"f":{"1":0,"2":0,"3":0,"4":0,"5":0,"6":0,"7":0,"8":0,"9":0,"10":0,"11":0,"12":0,"13":0,"14":0,"15":0,"16":0},"fnMap":{"1":{"name":"initMaster","line":59,"loc":{"start":{"line":59,"column":2},"end":{"line":59,"column":71}}},"2":{"name":"newGoalInit","line":72,"loc":{"start":{"line":72,"column":2},"end":{"line":72,"column":72}}},"3":{"name":"newGoalInitAndFund","line":82,"loc":{"start":{"line":82,"column":2},"end":{"line":82,"column":117}}},"4":{"name":"fundEscrow","line":95,"loc":{"start":{"line":95,"column":2},"end":{"line":95,"column":81}}},"5":{"name":"depositOnSuggest","line":105,"loc":{"start":{"line":105,"column":2},"end":{"line":105,"column":74}}},"6":{"name":"setSuggestionTimeOut","line":122,"loc":{"start":{"line":122,"column":2},"end":{"line":122,"column":52}}},"7":{"name":"checkForTimedOutSuggestions","line":131,"loc":{"start":{"line":131,"column":2},"end":{"line":131,"column":61}}},"8":{"name":"schedule_returnBondsOnTimeOut","line":135,"loc":{"start":{"line":135,"column":2},"end":{"line":135,"column":80}}},"9":{"name":"returnBondsOnTimeOut","line":143,"loc":{"start":{"line":143,"column":2},"end":{"line":143,"column":51}}},"10":{"name":"getSuggestionDuration","line":171,"loc":{"start":{"line":171,"column":2},"end":{"line":171,"column":63}}},"11":{"name":"suggestionExpires","line":175,"loc":{"start":{"line":175,"column":2},"end":{"line":175,"column":71}}},"12":{"name":"suggesterBond","line":179,"loc":{"start":{"line":179,"column":2},"end":{"line":179,"column":67}}},"13":{"name":"schedule_removeTokenTimeProtection","line":183,"loc":{"start":{"line":183,"column":2},"end":{"line":184,"column":12}}},"14":{"name":"testVersionRemoveTokenProtectionWrapper","line":193,"loc":{"start":{"line":193,"column":2},"end":{"line":193,"column":87}}},"15":{"name":"disburseOnAccept","line":199,"loc":{"start":{"line":199,"column":2},"end":{"line":199,"column":76}}},"16":{"name":"returnBondsOnReject","line":235,"loc":{"start":{"line":235,"column":2},"end":{"line":235,"column":79}}}},"statementMap":{"1":{"start":{"line":60,"column":4},"end":{"line":60,"column":99}},"2":{"start":{"line":61,"column":4},"end":{"line":61,"column":73}},"3":{"start":{"line":62,"column":4},"end":{"line":62,"column":81}},"4":{"start":{"line":63,"column":4},"end":{"line":63,"column":17}},"5":{"start":{"line":64,"column":4},"end":{"line":64,"column":25}},"6":{"start":{"line":65,"column":4},"end":{"line":65,"column":28}},"7":{"start":{"line":66,"column":4},"end":{"line":66,"column":43}},"8":{"start":{"line":67,"column":4},"end":{"line":67,"column":39}},"9":{"start":{"line":68,"column":4},"end":{"line":68,"column":23}},"10":{"start":{"line":69,"column":4},"end":{"line":69,"column":28}},"11":{"start":{"line":73,"column":4},"end":{"line":73,"column":88}},"12":{"start":{"line":74,"column":4},"end":{"line":74,"column":2455}},"13":{"start":{"line":75,"column":6},"end":{"line":75,"column":44}},"14":{"start":{"line":77,"column":4},"end":{"line":77,"column":28}},"15":{"start":{"line":78,"column":4},"end":{"line":78,"column":25}},"16":{"start":{"line":79,"column":3},"end":{"line":79,"column":28}},"17":{"start":{"line":83,"column":4},"end":{"line":83,"column":88}},"18":{"start":{"line":84,"column":4},"end":{"line":84,"column":2848}},"19":{"start":{"line":85,"column":6},"end":{"line":85,"column":44}},"20":{"start":{"line":87,"column":4},"end":{"line":87,"column":28}},"21":{"start":{"line":88,"column":4},"end":{"line":88,"column":25}},"22":{"start":{"line":89,"column":4},"end":{"line":89,"column":2991}},"23":{"start":{"line":90,"column":6},"end":{"line":90,"column":43}},"24":{"start":{"line":92,"column":3},"end":{"line":92,"column":28}},"25":{"start":{"line":96,"column":4},"end":{"line":96,"column":41}},"26":{"start":{"line":97,"column":4},"end":{"line":97,"column":52}},"27":{"start":{"line":98,"column":4},"end":{"line":98,"column":47}},"28":{"start":{"line":99,"column":4},"end":{"line":99,"column":54}},"29":{"start":{"line":106,"column":4},"end":{"line":106,"column":153}},"30":{"start":{"line":107,"column":4},"end":{"line":107,"column":155}},"31":{"start":{"line":109,"column":4},"end":{"line":109,"column":45}},"32":{"start":{"line":111,"column":4},"end":{"line":111,"column":85}},"33":{"start":{"line":112,"column":4},"end":{"line":112,"column":57}},"34":{"start":{"line":113,"column":4},"end":{"line":113,"column":42}},"35":{"start":{"line":115,"column":4},"end":{"line":115,"column":77}},"36":{"start":{"line":116,"column":4},"end":{"line":116,"column":45}},"37":{"start":{"line":117,"column":4},"end":{"line":117,"column":85}},"38":{"start":{"line":118,"column":4},"end":{"line":118,"column":71}},"39":{"start":{"line":119,"column":4},"end":{"line":119,"column":28}},"40":{"start":{"line":123,"column":4},"end":{"line":123,"column":37}},"41":{"start":{"line":124,"column":4},"end":{"line":124,"column":46}},"42":{"start":{"line":125,"column":4},"end":{"line":125,"column":25}},"43":{"start":{"line":126,"column":4},"end":{"line":126,"column":74}},"44":{"start":{"line":127,"column":4},"end":{"line":127,"column":65}},"45":{"start":{"line":128,"column":4},"end":{"line":128,"column":70}},"46":{"start":{"line":132,"column":4},"end":{"line":132,"column":28}},"47":{"start":{"line":136,"column":4},"end":{"line":136,"column":58}},"48":{"start":{"line":137,"column":4},"end":{"line":137,"column":103}},"49":{"start":{"line":138,"column":4},"end":{"line":138,"column":50}},"50":{"start":{"line":139,"column":4},"end":{"line":139,"column":36}},"51":{"start":{"line":144,"column":4},"end":{"line":144,"column":34}},"52":{"start":{"line":145,"column":4},"end":{"line":145,"column":65}},"53":{"start":{"line":146,"column":4},"end":{"line":146,"column":115}},"54":{"start":{"line":147,"column":4},"end":{"line":147,"column":73}},"55":{"start":{"line":148,"column":4},"end":{"line":148,"column":148}},"56":{"start":{"line":150,"column":4},"end":{"line":150,"column":62}},"57":{"start":{"line":151,"column":4},"end":{"line":151,"column":53}},"58":{"start":{"line":152,"column":4},"end":{"line":152,"column":40}},"59":{"start":{"line":154,"column":4},"end":{"line":154,"column":55}},"60":{"start":{"line":155,"column":4},"end":{"line":155,"column":56}},"61":{"start":{"line":157,"column":4},"end":{"line":157,"column":65}},"62":{"start":{"line":159,"column":4},"end":{"line":159,"column":61}},"63":{"start":{"line":161,"column":4},"end":{"line":161,"column":72}},"64":{"start":{"line":163,"column":4},"end":{"line":163,"column":65}},"65":{"start":{"line":164,"column":4},"end":{"line":164,"column":122}},"66":{"start":{"line":165,"column":4},"end":{"line":165,"column":36}},"67":{"start":{"line":166,"column":4},"end":{"line":166,"column":51}},"68":{"start":{"line":167,"column":4},"end":{"line":167,"column":51}},"69":{"start":{"line":172,"column":6},"end":{"line":172,"column":31}},"70":{"start":{"line":176,"column":4},"end":{"line":176,"column":70}},"71":{"start":{"line":180,"column":4},"end":{"line":180,"column":44}},"72":{"start":{"line":185,"column":3},"end":{"line":185,"column":57}},"73":{"start":{"line":186,"column":3},"end":{"line":186,"column":67}},"74":{"start":{"line":187,"column":3},"end":{"line":187,"column":7768}},"75":{"start":{"line":189,"column":3},"end":{"line":189,"column":52}},"76":{"start":{"line":190,"column":3},"end":{"line":190,"column":35}},"77":{"start":{"line":194,"column":4},"end":{"line":194,"column":67}},"78":{"start":{"line":195,"column":4},"end":{"line":195,"column":44}},"79":{"start":{"line":200,"column":4},"end":{"line":200,"column":73}},"80":{"start":{"line":201,"column":4},"end":{"line":201,"column":130}},"81":{"start":{"line":203,"column":4},"end":{"line":203,"column":53}},"82":{"start":{"line":204,"column":4},"end":{"line":204,"column":40}},"83":{"start":{"line":205,"column":4},"end":{"line":205,"column":55}},"84":{"start":{"line":206,"column":4},"end":{"line":206,"column":56}},"85":{"start":{"line":208,"column":4},"end":{"line":208,"column":127}},"86":{"start":{"line":209,"column":4},"end":{"line":209,"column":46}},"87":{"start":{"line":210,"column":4},"end":{"line":210,"column":42}},"88":{"start":{"line":211,"column":4},"end":{"line":211,"column":43}},"89":{"start":{"line":213,"column":4},"end":{"line":213,"column":68}},"90":{"start":{"line":215,"column":4},"end":{"line":215,"column":80}},"91":{"start":{"line":216,"column":4},"end":{"line":216,"column":61}},"92":{"start":{"line":218,"column":4},"end":{"line":218,"column":72}},"93":{"start":{"line":220,"column":4},"end":{"line":220,"column":65}},"94":{"start":{"line":221,"column":4},"end":{"line":221,"column":122}},"95":{"start":{"line":222,"column":4},"end":{"line":222,"column":54}},"96":{"start":{"line":223,"column":4},"end":{"line":223,"column":36}},"97":{"start":{"line":224,"column":4},"end":{"line":224,"column":51}},"98":{"start":{"line":225,"column":4},"end":{"line":225,"column":52}},"99":{"start":{"line":227,"column":5},"end":{"line":227,"column":83}},"100":{"start":{"line":229,"column":4},"end":{"line":229,"column":57}},"101":{"start":{"line":231,"column":4},"end":{"line":231,"column":69}},"102":{"start":{"line":237,"column":4},"end":{"line":237,"column":73}},"103":{"start":{"line":238,"column":4},"end":{"line":238,"column":129}},"104":{"start":{"line":239,"column":4},"end":{"line":239,"column":62}},"105":{"start":{"line":240,"column":4},"end":{"line":240,"column":53}},"106":{"start":{"line":241,"column":4},"end":{"line":241,"column":40}},"107":{"start":{"line":242,"column":4},"end":{"line":242,"column":55}},"108":{"start":{"line":243,"column":4},"end":{"line":243,"column":56}},"109":{"start":{"line":245,"column":4},"end":{"line":245,"column":68}},"110":{"start":{"line":247,"column":4},"end":{"line":247,"column":61}},"111":{"start":{"line":249,"column":4},"end":{"line":249,"column":72}},"112":{"start":{"line":251,"column":4},"end":{"line":251,"column":65}},"113":{"start":{"line":252,"column":4},"end":{"line":252,"column":121}},"114":{"start":{"line":253,"column":4},"end":{"line":253,"column":54}},"115":{"start":{"line":254,"column":4},"end":{"line":254,"column":36}},"116":{"start":{"line":255,"column":4},"end":{"line":255,"column":51}},"117":{"start":{"line":256,"column":4},"end":{"line":256,"column":53}},"118":{"start":{"line":258,"column":4},"end":{"line":258,"column":64}},"119":{"start":{"line":260,"column":4},"end":{"line":260,"column":58}},"120":{"start":{"line":262,"column":4},"end":{"line":262,"column":69}}},"branchMap":{"1":{"line":60,"type":"if","locations":[{"start":{"line":60,"column":4},"end":{"line":60,"column":4}},{"start":{"line":60,"column":4},"end":{"line":60,"column":4}}]},"2":{"line":61,"type":"if","locations":[{"start":{"line":61,"column":4},"end":{"line":61,"column":4}},{"start":{"line":61,"column":4},"end":{"line":61,"column":4}}]},"3":{"line":62,"type":"if","locations":[{"start":{"line":62,"column":4},"end":{"line":62,"column":4}},{"start":{"line":62,"column":4},"end":{"line":62,"column":4}}]},"4":{"line":73,"type":"if","locations":[{"start":{"line":73,"column":4},"end":{"line":73,"column":4}},{"start":{"line":73,"column":4},"end":{"line":73,"column":4}}]},"5":{"line":74,"type":"if","locations":[{"start":{"line":74,"column":4},"end":{"line":74,"column":4}},{"start":{"line":74,"column":4},"end":{"line":74,"column":4}}]},"6":{"line":83,"type":"if","locations":[{"start":{"line":83,"column":4},"end":{"line":83,"column":4}},{"start":{"line":83,"column":4},"end":{"line":83,"column":4}}]},"7":{"line":84,"type":"if","locations":[{"start":{"line":84,"column":4},"end":{"line":84,"column":4}},{"start":{"line":84,"column":4},"end":{"line":84,"column":4}}]},"8":{"line":89,"type":"if","locations":[{"start":{"line":89,"column":4},"end":{"line":89,"column":4}},{"start":{"line":89,"column":4},"end":{"line":89,"column":4}}]},"9":{"line":106,"type":"if","locations":[{"start":{"line":106,"column":4},"end":{"line":106,"column":4}},{"start":{"line":106,"column":4},"end":{"line":106,"column":4}}]},"10":{"line":107,"type":"if","locations":[{"start":{"line":107,"column":4},"end":{"line":107,"column":4}},{"start":{"line":107,"column":4},"end":{"line":107,"column":4}}]},"11":{"line":115,"type":"if","locations":[{"start":{"line":115,"column":4},"end":{"line":115,"column":4}},{"start":{"line":115,"column":4},"end":{"line":115,"column":4}}]},"12":{"line":146,"type":"if","locations":[{"start":{"line":146,"column":4},"end":{"line":146,"column":4}},{"start":{"line":146,"column":4},"end":{"line":146,"column":4}}]},"13":{"line":148,"type":"if","locations":[{"start":{"line":148,"column":4},"end":{"line":148,"column":4}},{"start":{"line":148,"column":4},"end":{"line":148,"column":4}}]},"14":{"line":164,"type":"if","locations":[{"start":{"line":164,"column":4},"end":{"line":164,"column":4}},{"start":{"line":164,"column":4},"end":{"line":164,"column":4}}]},"15":{"line":201,"type":"if","locations":[{"start":{"line":201,"column":4},"end":{"line":201,"column":4}},{"start":{"line":201,"column":4},"end":{"line":201,"column":4}}]},"16":{"line":208,"type":"if","locations":[{"start":{"line":208,"column":4},"end":{"line":208,"column":4}},{"start":{"line":208,"column":4},"end":{"line":208,"column":4}}]},"17":{"line":221,"type":"if","locations":[{"start":{"line":221,"column":4},"end":{"line":221,"column":4}},{"start":{"line":221,"column":4},"end":{"line":221,"column":4}}]},"18":{"line":238,"type":"if","locations":[{"start":{"line":238,"column":4},"end":{"line":238,"column":4}},{"start":{"line":238,"column":4},"end":{"line":238,"column":4}}]},"19":{"line":252,"type":"if","locations":[{"start":{"line":252,"column":4},"end":{"line":252,"column":4}},{"start":{"line":252,"column":4},"end":{"line":252,"column":4}}]}}},"contracts/GoalOwnerRole.sol":{"l":{"18":0,"19":0,"23":0,"24":0,"28":0,"32":0,"33":0},"path":"/home/zmg/GoalZapp/contracts/GoalOwnerRole.sol","s":{"1":0,"2":0,"3":0,"4":0,"5":0},"b":{"1":[0,0],"2":[0,0]},"f":{"1":0,"2":0,"3":0,"4":0,"5":0},"fnMap":{"1":{"name":"constructor","line":13,"loc":{"start":{"line":13,"column":4},"end":{"line":13,"column":25}}},"2":{"name":"onlyGoalOwner","line":17,"loc":{"start":{"line":17,"column":4},"end":{"line":17,"column":26}}},"3":{"name":"notGoalOwner","line":22,"loc":{"start":{"line":22,"column":4},"end":{"line":22,"column":25}}},"4":{"name":"isGoalOwner","line":27,"loc":{"start":{"line":27,"column":4},"end":{"line":27,"column":66}}},"5":{"name":"_addGoalOwner","line":31,"loc":{"start":{"line":31,"column":4},"end":{"line":31,"column":50}}}},"statementMap":{"1":{"start":{"line":18,"column":8},"end":{"line":18,"column":98}},"2":{"start":{"line":23,"column":1},"end":{"line":23,"column":89}},"3":{"start":{"line":28,"column":8},"end":{"line":28,"column":39}},"4":{"start":{"line":32,"column":8},"end":{"line":32,"column":31}},"5":{"start":{"line":33,"column":8},"end":{"line":33,"column":36}}},"branchMap":{"1":{"line":18,"type":"if","locations":[{"start":{"line":18,"column":8},"end":{"line":18,"column":8}},{"start":{"line":18,"column":8},"end":{"line":18,"column":8}}]},"2":{"line":23,"type":"if","locations":[{"start":{"line":23,"column":1},"end":{"line":23,"column":1}},{"start":{"line":23,"column":1},"end":{"line":23,"column":1}}]}}},"contracts/GoalZappBondingCurve.sol":{"l":{"15":0,"16":0,"17":0,"18":0,"19":0},"path":"/home/zmg/GoalZapp/contracts/GoalZappBondingCurve.sol","s":{"1":0,"2":0,"3":0,"4":0,"5":0},"b":{"1":[0,0]},"f":{"1":0},"fnMap":{"1":{"name":"initialize","line":14,"loc":{"start":{"line":14,"column":2},"end":{"line":14,"column":39}}}},"statementMap":{"1":{"start":{"line":15,"column":4},"end":{"line":15,"column":76}},"2":{"start":{"line":16,"column":4},"end":{"line":16,"column":26}},"3":{"start":{"line":17,"column":4},"end":{"line":17,"column":31}},"4":{"start":{"line":18,"column":4},"end":{"line":18,"column":36}},"5":{"start":{"line":19,"column":4},"end":{"line":19,"column":33}}},"branchMap":{"1":{"line":15,"type":"if","locations":[{"start":{"line":15,"column":4},"end":{"line":15,"column":4}},{"start":{"line":15,"column":4},"end":{"line":15,"column":4}}]}}},"contracts/GoalZappTokenSystem.sol":{"l":{},"path":"/home/zmg/GoalZapp/contracts/GoalZappTokenSystem.sol","s":{},"b":{},"f":{},"fnMap":{},"statementMap":{},"branchMap":{}},"contracts/IERC20.sol":{"l":{},"path":"/home/zmg/GoalZapp/contracts/IERC20.sol","s":{},"b":{},"f":{},"fnMap":{},"statementMap":{},"branchMap":{}},"contracts/Mocks/BondingCurveMock.sol":{"l":{"13":0,"14":0,"15":0,"16":0,"18":0,"19":0},"path":"/home/zmg/GoalZapp/contracts/Mocks/BondingCurveMock.sol","s":{"1":0,"2":0,"3":0,"4":0,"5":0,"6":0},"b":{},"f":{"1":0},"fnMap":{"1":{"name":"constructor","line":7,"loc":{"start":{"line":7,"column":2},"end":{"line":11,"column":3}}}},"statementMap":{"1":{"start":{"line":13,"column":4},"end":{"line":13,"column":33}},"2":{"start":{"line":14,"column":4},"end":{"line":14,"column":32}},"3":{"start":{"line":15,"column":4},"end":{"line":15,"column":25}},"4":{"start":{"line":16,"column":4},"end":{"line":16,"column":26}},"5":{"start":{"line":18,"column":4},"end":{"line":18,"column":37}},"6":{"start":{"line":19,"column":4},"end":{"line":19,"column":55}}},"branchMap":{}},"contracts/Ownable.sol":{"l":{"21":0,"22":0,"29":0,"36":0,"37":0,"44":0,"55":0,"56":0,"64":0,"71":0,"72":0,"73":0},"path":"/home/zmg/GoalZapp/contracts/Ownable.sol","s":{"1":0,"2":0,"3":0,"4":0,"5":0,"6":0,"7":0,"8":0,"9":0,"10":0,"11":0},"b":{"1":[0,0],"2":[0,0]},"f":{"1":0,"2":0,"3":0,"4":0,"5":0,"6":0,"7":0},"fnMap":{"1":{"name":"constructor","line":20,"loc":{"start":{"line":20,"column":4},"end":{"line":20,"column":25}}},"2":{"name":"owner","line":28,"loc":{"start":{"line":28,"column":4},"end":{"line":28,"column":48}}},"3":{"name":"onlyOwner","line":35,"loc":{"start":{"line":35,"column":4},"end":{"line":35,"column":22}}},"4":{"name":"isOwner","line":43,"loc":{"start":{"line":43,"column":4},"end":{"line":43,"column":47}}},"5":{"name":"renounceOwnership","line":54,"loc":{"start":{"line":54,"column":4},"end":{"line":54,"column":47}}},"6":{"name":"transferOwnership","line":63,"loc":{"start":{"line":63,"column":4},"end":{"line":63,"column":63}}},"7":{"name":"_transferOwnership","line":70,"loc":{"start":{"line":70,"column":4},"end":{"line":70,"column":56}}}},"statementMap":{"1":{"start":{"line":21,"column":8},"end":{"line":21,"column":26}},"2":{"start":{"line":22,"column":8},"end":{"line":22,"column":53}},"3":{"start":{"line":29,"column":8},"end":{"line":29,"column":21}},"4":{"start":{"line":36,"column":8},"end":{"line":36,"column":61}},"5":{"start":{"line":44,"column":8},"end":{"line":44,"column":35}},"6":{"start":{"line":55,"column":8},"end":{"line":55,"column":53}},"7":{"start":{"line":56,"column":8},"end":{"line":56,"column":26}},"8":{"start":{"line":64,"column":8},"end":{"line":64,"column":35}},"9":{"start":{"line":71,"column":8},"end":{"line":71,"column":80}},"10":{"start":{"line":72,"column":8},"end":{"line":72,"column":51}},"11":{"start":{"line":73,"column":8},"end":{"line":73,"column":24}}},"branchMap":{"1":{"line":36,"type":"if","locations":[{"start":{"line":36,"column":8},"end":{"line":36,"column":8}},{"start":{"line":36,"column":8},"end":{"line":36,"column":8}}]},"2":{"line":71,"type":"if","locations":[{"start":{"line":71,"column":8},"end":{"line":71,"column":8}},{"start":{"line":71,"column":8},"end":{"line":71,"column":8}}]}}},"contracts/Power.sol":{"l":{"74":0,"75":0,"76":0,"77":0,"78":0,"79":0,"80":0,"81":0,"82":0,"83":0,"84":0,"85":0,"86":0,"87":0,"88":0,"89":0,"90":0,"91":0,"92":0,"93":0,"94":0,"95":0,"96":0,"97":0,"98":0,"99":0,"100":0,"101":0,"102":0,"103":0,"104":0,"105":0,"106":0,"107":0,"108":0,"109":0,"110":0,"111":0,"112":0,"113":0,"114":0,"115":0,"116":0,"117":0,"118":0,"119":0,"120":0,"121":0,"122":0,"123":0,"124":0,"125":0,"126":0,"127":0,"128":0,"129":0,"130":0,"131":0,"132":0,"133":0,"134":0,"135":0,"136":0,"137":0,"138":0,"139":0,"140":0,"141":0,"142":0,"143":0,"144":0,"145":0,"146":0,"147":0,"148":0,"149":0,"150":0,"151":0,"152":0,"153":0,"154":0,"155":0,"156":0,"157":0,"158":0,"159":0,"160":0,"161":0,"162":0,"163":0,"164":0,"165":0,"166":0,"167":0,"168":0,"169":0,"190":0,"191":0,"192":0,"203":0,"205":0,"206":0,"209":0,"210":0,"211":0,"212":0,"216":0,"217":0,"218":0,"219":0,"220":0,"221":0,"226":0,"233":0,"234":0,"236":0,"238":0,"239":0,"240":0,"244":0,"245":0,"246":0,"247":0,"252":0,"261":0,"262":0,"264":0,"265":0,"266":0,"267":0,"269":0,"272":0,"273":0,"274":0,"275":0,"277":0,"278":0,"289":0,"290":0,"292":0,"293":0,"294":0,"295":0,"296":0,"297":0,"298":0,"299":0,"300":0,"301":0,"302":0,"303":0,"304":0,"305":0,"306":0,"307":0,"308":0,"309":0,"310":0,"311":0,"312":0,"313":0,"314":0,"315":0,"316":0,"317":0,"318":0,"319":0,"320":0,"321":0,"322":0,"323":0,"324":0,"325":0,"326":0,"327":0,"328":0,"329":0,"330":0,"331":0,"332":0,"333":0,"334":0,"335":0,"336":0,"337":0,"338":0,"339":0,"340":0,"341":0,"342":0,"343":0,"344":0,"345":0,"346":0,"347":0,"348":0,"349":0,"350":0,"351":0,"352":0,"353":0,"354":0,"355":0,"357":0},"path":"/home/zmg/GoalZapp/contracts/Power.sol","s":{"1":0,"2":0,"3":0,"4":0,"5":0,"6":0,"7":0,"8":0,"9":0,"10":0,"11":0,"12":0,"13":0,"14":0,"15":0,"16":0,"17":0,"18":0,"19":0,"20":0,"21":0,"22":0,"23":0,"24":0,"25":0,"26":0,"27":0,"28":0,"29":0,"30":0,"31":0,"32":0,"33":0,"34":0,"35":0,"36":0,"37":0,"38":0,"39":0,"40":0,"41":0,"42":0,"43":0,"44":0,"45":0,"46":0,"47":0,"48":0,"49":0,"50":0,"51":0,"52":0,"53":0,"54":0,"55":0,"56":0,"57":0,"58":0,"59":0,"60":0,"61":0,"62":0,"63":0,"64":0,"65":0,"66":0,"67":0,"68":0,"69":0,"70":0,"71":0,"72":0,"73":0,"74":0,"75":0,"76":0,"77":0,"78":0,"79":0,"80":0,"81":0,"82":0,"83":0,"84":0,"85":0,"86":0,"87":0,"88":0,"89":0,"90":0,"91":0,"92":0,"93":0,"94":0,"95":0,"96":0,"97":0,"98":0,"99":0,"100":0,"101":0,"102":0,"103":0,"104":0,"105":0,"106":0,"107":0,"108":0,"109":0,"110":0,"111":0,"112":0,"113":0,"114":0,"115":0,"116":0,"117":0,"118":0,"119":0,"120":0,"121":0,"122":0,"123":0,"124":0,"125":0,"126":0,"127":0,"128":0,"129":0,"130":0,"131":0,"132":0,"133":0,"134":0,"135":0,"136":0,"137":0,"138":0,"139":0,"140":0,"141":0,"142":0,"143":0,"144":0,"145":0,"146":0,"147":0,"148":0,"149":0,"150":0,"151":0,"152":0,"153":0,"154":0,"155":0,"156":0,"157":0,"158":0,"159":0,"160":0,"161":0,"162":0,"163":0,"164":0,"165":0,"166":0,"167":0,"168":0,"169":0,"170":0,"171":0,"172":0,"173":0,"174":0,"175":0,"176":0,"177":0,"178":0,"179":0,"180":0,"181":0,"182":0,"183":0,"184":0,"185":0,"186":0,"187":0,"188":0,"189":0,"190":0,"191":0,"192":0,"193":0,"194":0,"195":0,"196":0,"197":0,"198":0,"199":0,"200":0,"201":0,"202":0,"203":0,"204":0},"b":{"1":[0,0],"2":[0,0],"3":[0,0],"4":[0,0],"5":[0,0],"6":[0,0],"7":[0,0],"8":[0,0],"9":[0,0],"10":[0,0]},"f":{"1":0,"2":0,"3":0,"4":0,"5":0,"6":0},"fnMap":{"1":{"name":"constructor","line":41,"loc":{"start":{"line":41,"column":2},"end":{"line":41,"column":24}}},"2":{"name":"power","line":189,"loc":{"start":{"line":189,"column":2},"end":{"line":189,"column":115}}},"3":{"name":"ln","line":202,"loc":{"start":{"line":202,"column":2},"end":{"line":202,"column":87}}},"4":{"name":"floorLog2","line":232,"loc":{"start":{"line":232,"column":2},"end":{"line":232,"column":62}}},"5":{"name":"findPositionInMaxExpArray","line":260,"loc":{"start":{"line":260,"column":2},"end":{"line":260,"column":78}}},"6":{"name":"fixedExp","line":288,"loc":{"start":{"line":288,"column":2},"end":{"line":288,"column":81}}}},"statementMap":{"1":{"start":{"line":74,"column":4},"end":{"line":74,"column":58}},"2":{"start":{"line":75,"column":4},"end":{"line":75,"column":58}},"3":{"start":{"line":76,"column":4},"end":{"line":76,"column":58}},"4":{"start":{"line":77,"column":4},"end":{"line":77,"column":58}},"5":{"start":{"line":78,"column":4},"end":{"line":78,"column":58}},"6":{"start":{"line":79,"column":4},"end":{"line":79,"column":58}},"7":{"start":{"line":80,"column":4},"end":{"line":80,"column":58}},"8":{"start":{"line":81,"column":4},"end":{"line":81,"column":58}},"9":{"start":{"line":82,"column":4},"end":{"line":82,"column":58}},"10":{"start":{"line":83,"column":4},"end":{"line":83,"column":58}},"11":{"start":{"line":84,"column":4},"end":{"line":84,"column":58}},"12":{"start":{"line":85,"column":4},"end":{"line":85,"column":58}},"13":{"start":{"line":86,"column":4},"end":{"line":86,"column":58}},"14":{"start":{"line":87,"column":4},"end":{"line":87,"column":58}},"15":{"start":{"line":88,"column":4},"end":{"line":88,"column":58}},"16":{"start":{"line":89,"column":4},"end":{"line":89,"column":58}},"17":{"start":{"line":90,"column":4},"end":{"line":90,"column":58}},"18":{"start":{"line":91,"column":4},"end":{"line":91,"column":58}},"19":{"start":{"line":92,"column":4},"end":{"line":92,"column":58}},"20":{"start":{"line":93,"column":4},"end":{"line":93,"column":58}},"21":{"start":{"line":94,"column":4},"end":{"line":94,"column":58}},"22":{"start":{"line":95,"column":4},"end":{"line":95,"column":58}},"23":{"start":{"line":96,"column":4},"end":{"line":96,"column":58}},"24":{"start":{"line":97,"column":4},"end":{"line":97,"column":58}},"25":{"start":{"line":98,"column":4},"end":{"line":98,"column":58}},"26":{"start":{"line":99,"column":4},"end":{"line":99,"column":58}},"27":{"start":{"line":100,"column":4},"end":{"line":100,"column":58}},"28":{"start":{"line":101,"column":4},"end":{"line":101,"column":58}},"29":{"start":{"line":102,"column":4},"end":{"line":102,"column":58}},"30":{"start":{"line":103,"column":4},"end":{"line":103,"column":58}},"31":{"start":{"line":104,"column":4},"end":{"line":104,"column":58}},"32":{"start":{"line":105,"column":4},"end":{"line":105,"column":58}},"33":{"start":{"line":106,"column":4},"end":{"line":106,"column":58}},"34":{"start":{"line":107,"column":4},"end":{"line":107,"column":58}},"35":{"start":{"line":108,"column":4},"end":{"line":108,"column":58}},"36":{"start":{"line":109,"column":4},"end":{"line":109,"column":58}},"37":{"start":{"line":110,"column":4},"end":{"line":110,"column":58}},"38":{"start":{"line":111,"column":4},"end":{"line":111,"column":58}},"39":{"start":{"line":112,"column":4},"end":{"line":112,"column":58}},"40":{"start":{"line":113,"column":4},"end":{"line":113,"column":58}},"41":{"start":{"line":114,"column":4},"end":{"line":114,"column":58}},"42":{"start":{"line":115,"column":4},"end":{"line":115,"column":58}},"43":{"start":{"line":116,"column":4},"end":{"line":116,"column":58}},"44":{"start":{"line":117,"column":4},"end":{"line":117,"column":58}},"45":{"start":{"line":118,"column":4},"end":{"line":118,"column":58}},"46":{"start":{"line":119,"column":4},"end":{"line":119,"column":58}},"47":{"start":{"line":120,"column":4},"end":{"line":120,"column":58}},"48":{"start":{"line":121,"column":4},"end":{"line":121,"column":58}},"49":{"start":{"line":122,"column":4},"end":{"line":122,"column":58}},"50":{"start":{"line":123,"column":4},"end":{"line":123,"column":58}},"51":{"start":{"line":124,"column":4},"end":{"line":124,"column":58}},"52":{"start":{"line":125,"column":4},"end":{"line":125,"column":58}},"53":{"start":{"line":126,"column":4},"end":{"line":126,"column":58}},"54":{"start":{"line":127,"column":4},"end":{"line":127,"column":58}},"55":{"start":{"line":128,"column":4},"end":{"line":128,"column":58}},"56":{"start":{"line":129,"column":4},"end":{"line":129,"column":58}},"57":{"start":{"line":130,"column":4},"end":{"line":130,"column":58}},"58":{"start":{"line":131,"column":4},"end":{"line":131,"column":58}},"59":{"start":{"line":132,"column":4},"end":{"line":132,"column":58}},"60":{"start":{"line":133,"column":4},"end":{"line":133,"column":58}},"61":{"start":{"line":134,"column":4},"end":{"line":134,"column":58}},"62":{"start":{"line":135,"column":4},"end":{"line":135,"column":58}},"63":{"start":{"line":136,"column":4},"end":{"line":136,"column":58}},"64":{"start":{"line":137,"column":4},"end":{"line":137,"column":58}},"65":{"start":{"line":138,"column":4},"end":{"line":138,"column":58}},"66":{"start":{"line":139,"column":4},"end":{"line":139,"column":58}},"67":{"start":{"line":140,"column":4},"end":{"line":140,"column":58}},"68":{"start":{"line":141,"column":4},"end":{"line":141,"column":58}},"69":{"start":{"line":142,"column":4},"end":{"line":142,"column":58}},"70":{"start":{"line":143,"column":4},"end":{"line":143,"column":58}},"71":{"start":{"line":144,"column":4},"end":{"line":144,"column":58}},"72":{"start":{"line":145,"column":4},"end":{"line":145,"column":58}},"73":{"start":{"line":146,"column":4},"end":{"line":146,"column":58}},"74":{"start":{"line":147,"column":4},"end":{"line":147,"column":58}},"75":{"start":{"line":148,"column":4},"end":{"line":148,"column":58}},"76":{"start":{"line":149,"column":4},"end":{"line":149,"column":58}},"77":{"start":{"line":150,"column":4},"end":{"line":150,"column":58}},"78":{"start":{"line":151,"column":4},"end":{"line":151,"column":58}},"79":{"start":{"line":152,"column":4},"end":{"line":152,"column":58}},"80":{"start":{"line":153,"column":4},"end":{"line":153,"column":58}},"81":{"start":{"line":154,"column":4},"end":{"line":154,"column":58}},"82":{"start":{"line":155,"column":4},"end":{"line":155,"column":58}},"83":{"start":{"line":156,"column":4},"end":{"line":156,"column":58}},"84":{"start":{"line":157,"column":4},"end":{"line":157,"column":58}},"85":{"start":{"line":158,"column":4},"end":{"line":158,"column":58}},"86":{"start":{"line":159,"column":4},"end":{"line":159,"column":58}},"87":{"start":{"line":160,"column":4},"end":{"line":160,"column":58}},"88":{"start":{"line":161,"column":4},"end":{"line":161,"column":58}},"89":{"start":{"line":162,"column":4},"end":{"line":162,"column":58}},"90":{"start":{"line":163,"column":4},"end":{"line":163,"column":58}},"91":{"start":{"line":164,"column":4},"end":{"line":164,"column":58}},"92":{"start":{"line":165,"column":4},"end":{"line":165,"column":58}},"93":{"start":{"line":166,"column":4},"end":{"line":166,"column":58}},"94":{"start":{"line":167,"column":4},"end":{"line":167,"column":58}},"95":{"start":{"line":168,"column":4},"end":{"line":168,"column":58}},"96":{"start":{"line":169,"column":4},"end":{"line":169,"column":58}},"97":{"start":{"line":190,"column":4},"end":{"line":190,"column":63}},"98":{"start":{"line":191,"column":4},"end":{"line":191,"column":63}},"99":{"start":{"line":192,"column":4},"end":{"line":192,"column":90}},"100":{"start":{"line":203,"column":4},"end":{"line":203,"column":32}},"101":{"start":{"line":205,"column":4},"end":{"line":205,"column":19}},"102":{"start":{"line":206,"column":4},"end":{"line":206,"column":51}},"103":{"start":{"line":209,"column":4},"end":{"line":209,"column":11735}},"104":{"start":{"line":210,"column":6},"end":{"line":210,"column":42}},"105":{"start":{"line":211,"column":6},"end":{"line":211,"column":16}},"106":{"start":{"line":212,"column":6},"end":{"line":212,"column":26}},"107":{"start":{"line":216,"column":4},"end":{"line":216,"column":11958}},"108":{"start":{"line":217,"column":6},"end":{"line":217,"column":11985}},"109":{"start":{"line":218,"column":8},"end":{"line":218,"column":28}},"110":{"start":{"line":219,"column":8},"end":{"line":219,"column":12087}},"111":{"start":{"line":220,"column":10},"end":{"line":220,"column":16}},"112":{"start":{"line":221,"column":10},"end":{"line":221,"column":30}},"113":{"start":{"line":226,"column":4},"end":{"line":226,"column":47}},"114":{"start":{"line":233,"column":4},"end":{"line":233,"column":17}},"115":{"start":{"line":234,"column":4},"end":{"line":234,"column":18}},"116":{"start":{"line":236,"column":4},"end":{"line":236,"column":12463}},"117":{"start":{"line":238,"column":6},"end":{"line":238,"column":12516}},"118":{"start":{"line":239,"column":8},"end":{"line":239,"column":14}},"119":{"start":{"line":240,"column":8},"end":{"line":240,"column":15}},"120":{"start":{"line":244,"column":6},"end":{"line":244,"column":12624}},"121":{"start":{"line":245,"column":8},"end":{"line":245,"column":12672}},"122":{"start":{"line":246,"column":10},"end":{"line":246,"column":16}},"123":{"start":{"line":247,"column":10},"end":{"line":247,"column":17}},"124":{"start":{"line":252,"column":4},"end":{"line":252,"column":14}},"125":{"start":{"line":261,"column":4},"end":{"line":261,"column":28}},"126":{"start":{"line":262,"column":4},"end":{"line":262,"column":28}},"127":{"start":{"line":264,"column":4},"end":{"line":264,"column":13267}},"128":{"start":{"line":265,"column":6},"end":{"line":265,"column":31}},"129":{"start":{"line":266,"column":6},"end":{"line":266,"column":13340}},"130":{"start":{"line":267,"column":8},"end":{"line":267,"column":15}},"131":{"start":{"line":269,"column":8},"end":{"line":269,"column":15}},"132":{"start":{"line":272,"column":4},"end":{"line":272,"column":13427}},"133":{"start":{"line":273,"column":8},"end":{"line":273,"column":17}},"134":{"start":{"line":274,"column":4},"end":{"line":274,"column":13477}},"135":{"start":{"line":275,"column":8},"end":{"line":275,"column":17}},"136":{"start":{"line":277,"column":4},"end":{"line":277,"column":16}},"137":{"start":{"line":278,"column":4},"end":{"line":278,"column":12}},"138":{"start":{"line":289,"column":4},"end":{"line":289,"column":19}},"139":{"start":{"line":290,"column":4},"end":{"line":290,"column":19}},"140":{"start":{"line":292,"column":4},"end":{"line":292,"column":31}},"141":{"start":{"line":293,"column":4},"end":{"line":293,"column":49}},"142":{"start":{"line":294,"column":4},"end":{"line":294,"column":31}},"143":{"start":{"line":295,"column":4},"end":{"line":295,"column":49}},"144":{"start":{"line":296,"column":4},"end":{"line":296,"column":31}},"145":{"start":{"line":297,"column":4},"end":{"line":297,"column":49}},"146":{"start":{"line":298,"column":4},"end":{"line":298,"column":31}},"147":{"start":{"line":299,"column":4},"end":{"line":299,"column":49}},"148":{"start":{"line":300,"column":4},"end":{"line":300,"column":31}},"149":{"start":{"line":301,"column":4},"end":{"line":301,"column":49}},"150":{"start":{"line":302,"column":4},"end":{"line":302,"column":31}},"151":{"start":{"line":303,"column":4},"end":{"line":303,"column":49}},"152":{"start":{"line":304,"column":4},"end":{"line":304,"column":31}},"153":{"start":{"line":305,"column":4},"end":{"line":305,"column":49}},"154":{"start":{"line":306,"column":4},"end":{"line":306,"column":31}},"155":{"start":{"line":307,"column":4},"end":{"line":307,"column":49}},"156":{"start":{"line":308,"column":4},"end":{"line":308,"column":31}},"157":{"start":{"line":309,"column":4},"end":{"line":309,"column":49}},"158":{"start":{"line":310,"column":4},"end":{"line":310,"column":31}},"159":{"start":{"line":311,"column":4},"end":{"line":311,"column":49}},"160":{"start":{"line":312,"column":4},"end":{"line":312,"column":31}},"161":{"start":{"line":313,"column":4},"end":{"line":313,"column":49}},"162":{"start":{"line":314,"column":4},"end":{"line":314,"column":31}},"163":{"start":{"line":315,"column":4},"end":{"line":315,"column":49}},"164":{"start":{"line":316,"column":4},"end":{"line":316,"column":31}},"165":{"start":{"line":317,"column":4},"end":{"line":317,"column":49}},"166":{"start":{"line":318,"column":4},"end":{"line":318,"column":31}},"167":{"start":{"line":319,"column":4},"end":{"line":319,"column":49}},"168":{"start":{"line":320,"column":4},"end":{"line":320,"column":31}},"169":{"start":{"line":321,"column":4},"end":{"line":321,"column":49}},"170":{"start":{"line":322,"column":4},"end":{"line":322,"column":31}},"171":{"start":{"line":323,"column":4},"end":{"line":323,"column":49}},"172":{"start":{"line":324,"column":4},"end":{"line":324,"column":31}},"173":{"start":{"line":325,"column":4},"end":{"line":325,"column":49}},"174":{"start":{"line":326,"column":4},"end":{"line":326,"column":31}},"175":{"start":{"line":327,"column":4},"end":{"line":327,"column":49}},"176":{"start":{"line":328,"column":4},"end":{"line":328,"column":31}},"177":{"start":{"line":329,"column":4},"end":{"line":329,"column":49}},"178":{"start":{"line":330,"column":4},"end":{"line":330,"column":31}},"179":{"start":{"line":331,"column":4},"end":{"line":331,"column":49}},"180":{"start":{"line":332,"column":4},"end":{"line":332,"column":31}},"181":{"start":{"line":333,"column":4},"end":{"line":333,"column":49}},"182":{"start":{"line":334,"column":4},"end":{"line":334,"column":31}},"183":{"start":{"line":335,"column":4},"end":{"line":335,"column":49}},"184":{"start":{"line":336,"column":4},"end":{"line":336,"column":31}},"185":{"start":{"line":337,"column":4},"end":{"line":337,"column":49}},"186":{"start":{"line":338,"column":4},"end":{"line":338,"column":31}},"187":{"start":{"line":339,"column":4},"end":{"line":339,"column":49}},"188":{"start":{"line":340,"column":4},"end":{"line":340,"column":31}},"189":{"start":{"line":341,"column":4},"end":{"line":341,"column":49}},"190":{"start":{"line":342,"column":4},"end":{"line":342,"column":31}},"191":{"start":{"line":343,"column":4},"end":{"line":343,"column":49}},"192":{"start":{"line":344,"column":4},"end":{"line":344,"column":31}},"193":{"start":{"line":345,"column":4},"end":{"line":345,"column":49}},"194":{"start":{"line":346,"column":4},"end":{"line":346,"column":31}},"195":{"start":{"line":347,"column":4},"end":{"line":347,"column":49}},"196":{"start":{"line":348,"column":4},"end":{"line":348,"column":31}},"197":{"start":{"line":349,"column":4},"end":{"line":349,"column":49}},"198":{"start":{"line":350,"column":4},"end":{"line":350,"column":31}},"199":{"start":{"line":351,"column":4},"end":{"line":351,"column":49}},"200":{"start":{"line":352,"column":4},"end":{"line":352,"column":31}},"201":{"start":{"line":353,"column":4},"end":{"line":353,"column":49}},"202":{"start":{"line":354,"column":4},"end":{"line":354,"column":31}},"203":{"start":{"line":355,"column":4},"end":{"line":355,"column":49}},"204":{"start":{"line":357,"column":4},"end":{"line":357,"column":77}}},"branchMap":{"1":{"line":203,"type":"if","locations":[{"start":{"line":203,"column":4},"end":{"line":203,"column":4}},{"start":{"line":203,"column":4},"end":{"line":203,"column":4}}]},"2":{"line":209,"type":"if","locations":[{"start":{"line":209,"column":4},"end":{"line":209,"column":4}},{"start":{"line":209,"column":4},"end":{"line":209,"column":4}}]},"3":{"line":216,"type":"if","locations":[{"start":{"line":216,"column":4},"end":{"line":216,"column":4}},{"start":{"line":216,"column":4},"end":{"line":216,"column":4}}]},"4":{"line":219,"type":"if","locations":[{"start":{"line":219,"column":8},"end":{"line":219,"column":8}},{"start":{"line":219,"column":8},"end":{"line":219,"column":8}}]},"5":{"line":236,"type":"if","locations":[{"start":{"line":236,"column":4},"end":{"line":236,"column":4}},{"start":{"line":236,"column":4},"end":{"line":236,"column":4}}]},"6":{"line":245,"type":"if","locations":[{"start":{"line":245,"column":8},"end":{"line":245,"column":8}},{"start":{"line":245,"column":8},"end":{"line":245,"column":8}}]},"7":{"line":266,"type":"if","locations":[{"start":{"line":266,"column":6},"end":{"line":266,"column":6}},{"start":{"line":266,"column":6},"end":{"line":266,"column":6}}]},"8":{"line":272,"type":"if","locations":[{"start":{"line":272,"column":4},"end":{"line":272,"column":4}},{"start":{"line":272,"column":4},"end":{"line":272,"column":4}}]},"9":{"line":274,"type":"if","locations":[{"start":{"line":274,"column":4},"end":{"line":274,"column":4}},{"start":{"line":274,"column":4},"end":{"line":274,"column":4}}]},"10":{"line":277,"type":"if","locations":[{"start":{"line":277,"column":4},"end":{"line":277,"column":4}},{"start":{"line":277,"column":4},"end":{"line":277,"column":4}}]}}},"contracts/Protected.sol":{"l":{"17":0,"18":0,"19":0,"24":0,"25":0,"27":0,"31":0,"36":0,"37":0,"42":0},"path":"/home/zmg/GoalZapp/contracts/Protected.sol","s":{"1":0,"2":0,"3":0,"4":0,"5":0,"6":0,"7":0,"8":0,"9":0},"b":{"1":[0,0],"2":[0,0],"3":[0,0]},"f":{"1":0,"2":0,"3":0,"4":0,"5":0},"fnMap":{"1":{"name":"init","line":16,"loc":{"start":{"line":16,"column":3},"end":{"line":16,"column":24}}},"2":{"name":"checkProtectedTokens","line":23,"loc":{"start":{"line":23,"column":4},"end":{"line":23,"column":47}}},"3":{"name":"timeProtectTokens","line":30,"loc":{"start":{"line":30,"column":4},"end":{"line":30,"column":100}}},"4":{"name":"removeTokenProtection","line":35,"loc":{"start":{"line":35,"column":4},"end":{"line":35,"column":102}}},"5":{"name":"amountProtected","line":41,"loc":{"start":{"line":41,"column":4},"end":{"line":41,"column":75}}}},"statementMap":{"1":{"start":{"line":17,"column":5},"end":{"line":17,"column":82}},"2":{"start":{"line":18,"column":5},"end":{"line":18,"column":29}},"3":{"start":{"line":19,"column":5},"end":{"line":19,"column":38}},"4":{"start":{"line":24,"column":6},"end":{"line":24,"column":664}},"5":{"start":{"line":25,"column":8},"end":{"line":25,"column":271}},"6":{"start":{"line":31,"column":6},"end":{"line":31,"column":71}},"7":{"start":{"line":36,"column":6},"end":{"line":36,"column":29}},"8":{"start":{"line":37,"column":6},"end":{"line":37,"column":71}},"9":{"start":{"line":42,"column":5},"end":{"line":42,"column":37}}},"branchMap":{"1":{"line":17,"type":"if","locations":[{"start":{"line":17,"column":5},"end":{"line":17,"column":5}},{"start":{"line":17,"column":5},"end":{"line":17,"column":5}}]},"2":{"line":24,"type":"if","locations":[{"start":{"line":24,"column":6},"end":{"line":24,"column":6}},{"start":{"line":24,"column":6},"end":{"line":24,"column":6}}]},"3":{"line":25,"type":"if","locations":[{"start":{"line":25,"column":8},"end":{"line":25,"column":8}},{"start":{"line":25,"column":8},"end":{"line":25,"column":8}}]}}},"contracts/Proxy.sol":{"l":{"7":0,"8":0,"10":0},"path":"/home/zmg/GoalZapp/contracts/Proxy.sol","s":{"1":0,"2":0},"b":{"1":[0,0]},"f":{"1":0},"fnMap":{"1":{"name":"","line":6,"loc":{"start":{"line":6,"column":2},"end":{"line":6,"column":30}}}},"statementMap":{"1":{"start":{"line":7,"column":4},"end":{"line":7,"column":36}},"2":{"start":{"line":8,"column":4},"end":{"line":8,"column":31}}},"branchMap":{"1":{"line":8,"type":"if","locations":[{"start":{"line":8,"column":4},"end":{"line":8,"column":4}},{"start":{"line":8,"column":4},"end":{"line":8,"column":4}}]}}},"contracts/ProxyFactory.sol":{"l":{"18":0,"19":0,"23":0,"24":0,"25":0,"26":0,"27":0,"31":0,"35":0},"path":"/home/zmg/GoalZapp/contracts/ProxyFactory.sol","s":{"1":0,"2":0,"3":0,"4":0,"5":0,"6":0,"7":0,"8":0,"9":0},"b":{},"f":{"1":0,"2":0,"3":0,"4":0},"fnMap":{"1":{"name":"constructor","line":17,"loc":{"start":{"line":17,"column":2},"end":{"line":17,"column":60}}},"2":{"name":"build","line":22,"loc":{"start":{"line":22,"column":2},"end":{"line":22,"column":80}}},"3":{"name":"hashedGoalName","line":30,"loc":{"start":{"line":30,"column":2},"end":{"line":30,"column":81}}},"4":{"name":"getProxyAddress","line":34,"loc":{"start":{"line":34,"column":2},"end":{"line":34,"column":99}}}},"statementMap":{"1":{"start":{"line":18,"column":4},"end":{"line":18,"column":35}},"2":{"start":{"line":19,"column":4},"end":{"line":19,"column":17}},"3":{"start":{"line":23,"column":4},"end":{"line":23,"column":59}},"4":{"start":{"line":24,"column":4},"end":{"line":24,"column":44}},"5":{"start":{"line":25,"column":4},"end":{"line":25,"column":24}},"6":{"start":{"line":26,"column":4},"end":{"line":26,"column":64}},"7":{"start":{"line":27,"column":4},"end":{"line":27,"column":36}},"8":{"start":{"line":31,"column":4},"end":{"line":31,"column":49}},"9":{"start":{"line":35,"column":4},"end":{"line":35,"column":62}}},"branchMap":{}},"contracts/Restricted.sol":{"l":{"20":0,"21":0,"22":0,"23":0,"25":0,"27":0,"31":0,"35":0,"39":0,"43":0},"path":"/home/zmg/GoalZapp/contracts/Restricted.sol","s":{"1":0,"2":0,"3":0,"4":0,"5":0,"6":0,"7":0,"8":0,"9":0},"b":{"1":[0,0],"2":[0,0]},"f":{"1":0,"2":0,"3":0,"4":0,"5":0},"fnMap":{"1":{"name":"checkRestrictedTokens","line":19,"loc":{"start":{"line":19,"column":2},"end":{"line":19,"column":65}}},"2":{"name":"setInitializedEscrow","line":30,"loc":{"start":{"line":30,"column":2},"end":{"line":30,"column":64}}},"3":{"name":"setRestrictedTokens","line":34,"loc":{"start":{"line":34,"column":2},"end":{"line":34,"column":86}}},"4":{"name":"unsetRestrictedTokens","line":38,"loc":{"start":{"line":38,"column":2},"end":{"line":38,"column":96}}},"5":{"name":"amountRestricted","line":42,"loc":{"start":{"line":42,"column":2},"end":{"line":42,"column":75}}}},"statementMap":{"1":{"start":{"line":20,"column":4},"end":{"line":20,"column":585}},"2":{"start":{"line":21,"column":6},"end":{"line":21,"column":52}},"3":{"start":{"line":22,"column":6},"end":{"line":22,"column":25}},"4":{"start":{"line":23,"column":6},"end":{"line":23,"column":57}},"5":{"start":{"line":25,"column":6},"end":{"line":25,"column":205}},"6":{"start":{"line":31,"column":4},"end":{"line":31,"column":54}},"7":{"start":{"line":35,"column":4},"end":{"line":35,"column":93}},"8":{"start":{"line":39,"column":4},"end":{"line":39,"column":85}},"9":{"start":{"line":43,"column":4},"end":{"line":43,"column":37}}},"branchMap":{"1":{"line":20,"type":"if","locations":[{"start":{"line":20,"column":4},"end":{"line":20,"column":4}},{"start":{"line":20,"column":4},"end":{"line":20,"column":4}}]},"2":{"line":25,"type":"if","locations":[{"start":{"line":25,"column":6},"end":{"line":25,"column":6}},{"start":{"line":25,"column":6},"end":{"line":25,"column":6}}]}}},"contracts/Roles.sol":{"l":{"17":0,"18":0,"19":0,"26":0,"27":0,"35":0,"36":0},"path":"/home/zmg/GoalZapp/contracts/Roles.sol","s":{"1":0,"2":0,"3":0,"4":0,"5":0,"6":0,"7":0},"b":{"1":[0,0],"2":[0,0],"3":[0,0]},"f":{"1":0,"2":0,"3":0},"fnMap":{"1":{"name":"add","line":16,"loc":{"start":{"line":16,"column":4},"end":{"line":16,"column":59}}},"2":{"name":"remove","line":25,"loc":{"start":{"line":25,"column":4},"end":{"line":25,"column":62}}},"3":{"name":"has","line":34,"loc":{"start":{"line":34,"column":4},"end":{"line":34,"column":79}}}},"statementMap":{"1":{"start":{"line":17,"column":8},"end":{"line":17,"column":48}},"2":{"start":{"line":18,"column":8},"end":{"line":18,"column":70}},"3":{"start":{"line":19,"column":8},"end":{"line":19,"column":34}},"4":{"start":{"line":26,"column":8},"end":{"line":26,"column":71}},"5":{"start":{"line":27,"column":8},"end":{"line":27,"column":35}},"6":{"start":{"line":35,"column":8},"end":{"line":35,"column":75}},"7":{"start":{"line":36,"column":8},"end":{"line":36,"column":35}}},"branchMap":{"1":{"line":18,"type":"if","locations":[{"start":{"line":18,"column":8},"end":{"line":18,"column":8}},{"start":{"line":18,"column":8},"end":{"line":18,"column":8}}]},"2":{"line":26,"type":"if","locations":[{"start":{"line":26,"column":8},"end":{"line":26,"column":8}},{"start":{"line":26,"column":8},"end":{"line":26,"column":8}}]},"3":{"line":35,"type":"if","locations":[{"start":{"line":35,"column":8},"end":{"line":35,"column":8}},{"start":{"line":35,"column":8},"end":{"line":35,"column":8}}]}}},"contracts/SafeMath.sol":{"l":{"27":0,"28":0,"30":0,"43":0,"44":0,"46":0,"62":0,"63":0,"66":0,"67":0,"69":0,"85":0,"86":0,"89":0,"104":0,"105":0},"path":"/home/zmg/GoalZapp/contracts/SafeMath.sol","s":{"1":0,"2":0,"3":0,"4":0,"5":0,"6":0,"7":0,"8":0,"9":0,"10":0,"11":0,"12":0,"13":0,"14":0,"15":0,"16":0},"b":{"1":[0,0],"2":[0,0],"3":[0,0],"4":[0,0],"5":[0,0],"6":[0,0]},"f":{"1":0,"2":0,"3":0,"4":0,"5":0},"fnMap":{"1":{"name":"add","line":26,"loc":{"start":{"line":26,"column":4},"end":{"line":26,"column":68}}},"2":{"name":"sub","line":42,"loc":{"start":{"line":42,"column":4},"end":{"line":42,"column":68}}},"3":{"name":"mul","line":58,"loc":{"start":{"line":58,"column":4},"end":{"line":58,"column":68}}},"4":{"name":"div","line":83,"loc":{"start":{"line":83,"column":4},"end":{"line":83,"column":68}}},"5":{"name":"mod","line":103,"loc":{"start":{"line":103,"column":4},"end":{"line":103,"column":68}}}},"statementMap":{"1":{"start":{"line":27,"column":8},"end":{"line":27,"column":25}},"2":{"start":{"line":28,"column":8},"end":{"line":28,"column":53}},"3":{"start":{"line":30,"column":8},"end":{"line":30,"column":16}},"4":{"start":{"line":43,"column":8},"end":{"line":43,"column":56}},"5":{"start":{"line":44,"column":8},"end":{"line":44,"column":25}},"6":{"start":{"line":46,"column":8},"end":{"line":46,"column":16}},"7":{"start":{"line":62,"column":8},"end":{"line":62,"column":1996}},"8":{"start":{"line":63,"column":12},"end":{"line":63,"column":20}},"9":{"start":{"line":66,"column":8},"end":{"line":66,"column":25}},"10":{"start":{"line":67,"column":8},"end":{"line":67,"column":63}},"11":{"start":{"line":69,"column":8},"end":{"line":69,"column":16}},"12":{"start":{"line":85,"column":8},"end":{"line":85,"column":51}},"13":{"start":{"line":86,"column":8},"end":{"line":86,"column":25}},"14":{"start":{"line":89,"column":8},"end":{"line":89,"column":16}},"15":{"start":{"line":104,"column":8},"end":{"line":104,"column":50}},"16":{"start":{"line":105,"column":8},"end":{"line":105,"column":20}}},"branchMap":{"1":{"line":28,"type":"if","locations":[{"start":{"line":28,"column":8},"end":{"line":28,"column":8}},{"start":{"line":28,"column":8},"end":{"line":28,"column":8}}]},"2":{"line":43,"type":"if","locations":[{"start":{"line":43,"column":8},"end":{"line":43,"column":8}},{"start":{"line":43,"column":8},"end":{"line":43,"column":8}}]},"3":{"line":62,"type":"if","locations":[{"start":{"line":62,"column":8},"end":{"line":62,"column":8}},{"start":{"line":62,"column":8},"end":{"line":62,"column":8}}]},"4":{"line":67,"type":"if","locations":[{"start":{"line":67,"column":8},"end":{"line":67,"column":8}},{"start":{"line":67,"column":8},"end":{"line":67,"column":8}}]},"5":{"line":85,"type":"if","locations":[{"start":{"line":85,"column":8},"end":{"line":85,"column":8}},{"start":{"line":85,"column":8},"end":{"line":85,"column":8}}]},"6":{"line":104,"type":"if","locations":[{"start":{"line":104,"column":8},"end":{"line":104,"column":8}},{"start":{"line":104,"column":8},"end":{"line":104,"column":8}}]}}},"contracts/UpgradeabilityProxy.sol":{"l":{"24":0,"32":0,"33":0,"43":0,"44":0,"54":0,"55":0,"56":0,"57":0},"path":"/home/zmg/GoalZapp/contracts/UpgradeabilityProxy.sol","s":{"1":0,"2":0,"3":0,"4":0,"5":0,"6":0,"7":0},"b":{"1":[0,0]},"f":{"1":0,"2":0,"3":0,"4":0},"fnMap":{"1":{"name":"constructor","line":23,"loc":{"start":{"line":23,"column":2},"end":{"line":23,"column":45}}},"2":{"name":"implementation","line":31,"loc":{"start":{"line":31,"column":2},"end":{"line":31,"column":62}}},"3":{"name":"setImplementation","line":42,"loc":{"start":{"line":42,"column":2},"end":{"line":42,"column":64}}},"4":{"name":"_upgradeTo","line":53,"loc":{"start":{"line":53,"column":2},"end":{"line":53,"column":57}}}},"statementMap":{"1":{"start":{"line":24,"column":4},"end":{"line":24,"column":37}},"2":{"start":{"line":32,"column":4},"end":{"line":32,"column":45}},"3":{"start":{"line":43,"column":4},"end":{"line":43,"column":45}},"4":{"start":{"line":54,"column":4},"end":{"line":54,"column":52}},"5":{"start":{"line":55,"column":4},"end":{"line":55,"column":54}},"6":{"start":{"line":56,"column":4},"end":{"line":56,"column":39}},"7":{"start":{"line":57,"column":4},"end":{"line":57,"column":36}}},"branchMap":{"1":{"line":55,"type":"if","locations":[{"start":{"line":55,"column":4},"end":{"line":55,"column":4}},{"start":{"line":55,"column":4},"end":{"line":55,"column":4}}]}}}}